{"question_id": "1883_C", "solution": "#include <stdio.h>\n#include <stdlib.h>\n#include <string.h>\n\nint main() {\n    int t;\n    scanf(\"%d\", &t);\n\n    while (t--) {\n        int n, k;\n        scanf(\"%d %d\", &n, &k);\n\n        int count = 0;\n\n        for (int i = 0; i < n; i++) {\n            int a;\n            scanf(\"%d\", &a);\n\n            if (k == 2 && a % 2 != 0) {\n                count++;\n            } else if (k == 3 && a % 3 != 0) {\n                count++;\n            } else if (k == 5 && a % 5 != 0) {\n                count++;\n            }\n        }\n\n        printf(\"%d\n\", count);\n    }\n\n    return 0;\n}", "raw_exit_code": 0, "raw_stdout": "{\"result\": \"fail:error\", \"exit_code\": 1, \"stdout\": \"\", \"stderr\": \"Compilation failed:\\n/tmp/agnostics_c_0oynx1xt/program.c: In function 'main':\\n/tmp/agnostics_c_0oynx1xt/program.c:28:16: warning: missing terminating \\\" character\\n   28 |         printf(\\\"%d\\n      |                ^\\n/tmp/agnostics_c_0oynx1xt/program.c:28:16: error: missing terminating \\\" character\\n   28 |         printf(\\\"%d\\n      |                ^~~\\n/tmp/agnostics_c_0oynx1xt/program.c:29:1: warning: missing terminating \\\" character\\n   29 | \\\", count);\\n      | ^\\n/tmp/agnostics_c_0oynx1xt/program.c:29:1: error: missing terminating \\\" character\\n   29 | \\\", count);\\n      | ^~~~~~~~~~\\n/tmp/agnostics_c_0oynx1xt/program.c:30:5: error: expected expression before '}' token\\n   30 |     }\\n      |     ^\\n/tmp/agnostics_c_0oynx1xt/program.c:28:16: error: expected ';' before '}' token\\n   28 |         printf(\\\"%d\\n      |                ^\\n      |                ;\\n   29 | \\\", count);\\n   30 |     }\\n      |     ~           \\n\"}\n", "raw_stderr": "", "result": "fail:error", "exit_code": 1, "stdout": "", "stderr": "Compilation failed:\n/tmp/agnostics_c_0oynx1xt/program.c: In function 'main':\n/tmp/agnostics_c_0oynx1xt/program.c:28:16: warning: missing terminating \" character\n   28 |         printf(\"%d\n      |                ^\n/tmp/agnostics_c_0oynx1xt/program.c:28:16: error: missing terminating \" character\n   28 |         printf(\"%d\n      |                ^~~\n/tmp/agnostics_c_0oynx1xt/program.c:29:1: warning: missing terminating \" character\n   29 | \", count);\n      | ^\n/tmp/agnostics_c_0oynx1xt/program.c:29:1: error: missing terminating \" character\n   29 | \", count);\n      | ^~~~~~~~~~\n/tmp/agnostics_c_0oynx1xt/program.c:30:5: error: expected expression before '}' token\n   30 |     }\n      |     ^\n/tmp/agnostics_c_0oynx1xt/program.c:28:16: error: expected ';' before '}' token\n   28 |         printf(\"%d\n      |                ^\n      |                ;\n   29 | \", count);\n   30 |     }\n      |     ~           \n"}
{"question_id": "1873_B", "solution": "#include <stdio.h>\n#include <stdlib.h>\n#include <string.h>\n\nint main() {\n    int t;\n    scanf(\"%d\", &t);\n\n    while (t--) {\n        int n;\n        scanf(\"%d\", &n);\n\n        int *a = (int *)malloc(n * sizeof(int));\n        for (int i = 0; i < n; i++) {\n            scanf(\"%d\", &a[i]);\n        }\n\n        int max_product = 0;\n        for (int i = 0; i < n; i++) {\n            int original_digit = a[i];\n            a[i] += 1;\n\n            int product = 1;\n            for (int j = 0; j < n; j++) {\n                product *= a[j];\n            }\n\n            if (product > max_product) {\n                max_product = product;\n            }\n\n            a[i] = original_digit;\n        }\n\n        printf(\"%d\n\", max_product);\n\n        free(a);\n    }\n\n    return 0;\n}", "raw_exit_code": 0, "raw_stdout": "{\"result\": \"fail:error\", \"exit_code\": 1, \"stdout\": \"\", \"stderr\": \"Compilation failed:\\n/tmp/agnostics_c_01g4o3fx/program.c: In function 'main':\\n/tmp/agnostics_c_01g4o3fx/program.c:35:16: warning: missing terminating \\\" character\\n   35 |         printf(\\\"%d\\n      |                ^\\n/tmp/agnostics_c_01g4o3fx/program.c:35:16: error: missing terminating \\\" character\\n   35 |         printf(\\\"%d\\n      |                ^~~\\n/tmp/agnostics_c_01g4o3fx/program.c:36:1: warning: missing terminating \\\" character\\n   36 | \\\", max_product);\\n      | ^\\n/tmp/agnostics_c_01g4o3fx/program.c:36:1: error: missing terminating \\\" character\\n   36 | \\\", max_product);\\n      | ^~~~~~~~~~~~~~~~\\n/tmp/agnostics_c_01g4o3fx/program.c:38:16: error: expected ')' before ';' token\\n   38 |         free(a);\\n      |                ^\\n      |                )\\n/tmp/agnostics_c_01g4o3fx/program.c:35:15: note: to match this '('\\n   35 |         printf(\\\"%d\\n      |               ^\\n/tmp/agnostics_c_01g4o3fx/program.c:38:9: error: invalid use of void expression\\n   38 |         free(a);\\n      |         ^~~~~~~\\n/tmp/agnostics_c_01g4o3fx/program.c:38:17: error: expected ';' before '}' token\\n   38 |         free(a);\\n      |                 ^\\n      |                 ;\\n   39 |     }\\n      |     ~            \\n\"}\n", "raw_stderr": "", "result": "fail:error", "exit_code": 1, "stdout": "", "stderr": "Compilation failed:\n/tmp/agnostics_c_01g4o3fx/program.c: In function 'main':\n/tmp/agnostics_c_01g4o3fx/program.c:35:16: warning: missing terminating \" character\n   35 |         printf(\"%d\n      |                ^\n/tmp/agnostics_c_01g4o3fx/program.c:35:16: error: missing terminating \" character\n   35 |         printf(\"%d\n      |                ^~~\n/tmp/agnostics_c_01g4o3fx/program.c:36:1: warning: missing terminating \" character\n   36 | \", max_product);\n      | ^\n/tmp/agnostics_c_01g4o3fx/program.c:36:1: error: missing terminating \" character\n   36 | \", max_product);\n      | ^~~~~~~~~~~~~~~~\n/tmp/agnostics_c_01g4o3fx/program.c:38:16: error: expected ')' before ';' token\n   38 |         free(a);\n      |                ^\n      |                )\n/tmp/agnostics_c_01g4o3fx/program.c:35:15: note: to match this '('\n   35 |         printf(\"%d\n      |               ^\n/tmp/agnostics_c_01g4o3fx/program.c:38:9: error: invalid use of void expression\n   38 |         free(a);\n      |         ^~~~~~~\n/tmp/agnostics_c_01g4o3fx/program.c:38:17: error: expected ';' before '}' token\n   38 |         free(a);\n      |                 ^\n      |                 ;\n   39 |     }\n      |     ~            \n"}
{"question_id": "1899_A", "solution": "#include <stdio.h>\n\nint main() {\n    int t;\n    scanf(\"%d\", &t);\n\n    while (t--) {\n        int n;\n        scanf(\"%d\", &n);\n\n        // If n is already divisible by 3, Vanya wins immediately\n        if (n % 3 == 0) {\n            printf(\"First\\n\");\n        } else {\n            // If n is not divisible by 3, the winner depends on the value of n modulo 3\n            // If n % 3 == 1, Vanya can win by adding 2 (or subtracting 1) to make n % 3 == 0\n            // If n % 3 == 2, Vova can win by adding 1 (or subtracting 2) to make n % 3 == 0\n            if (n % 3 == 1) {\n                printf(\"First\\n\");\n            } else {\n                printf(\"Second\\n\");\n            }\n        }\n    }\n\n    return 0;\n}", "raw_exit_code": 0, "raw_stdout": "{\"result\": \"fail:wrong-output\", \"expected\": \"First\", \"got\": \"Second\", \"stderr\": \"Test case 0 produced wrong output\\n\"}\n", "raw_stderr": "", "result": "fail:wrong-output", "expected": "First", "got": "Second", "stderr": "Test case 0 produced wrong output\n"}
{"question_id": "1883_B", "solution": "#include <stdio.h>\n#include <stdlib.h>\n#include <string.h>\n#include <stdbool.h>\n\n#define MAXN 100005\n\nbool canFormPalindrome(int count[], int k) {\n    int oddCount = 0;\n    for (int i = 0; i < 26; i++) {\n        if (count[i] % 2 != 0) {\n            oddCount++;\n        }\n    }\n    return oddCount <= 1 && (k >= oddCount);\n}\n\nint main() {\n    int t;\n    scanf(\"%d\", &t);\n    while (t--) {\n        int n, k;\n        scanf(\"%d %d\", &n, &k);\n        char s[MAXN];\n        scanf(\"%s\", s);\n\n        int count[26] = {0};\n        for (int i = 0; i < n; i++) {\n            count[s[i] - 'a']++;\n        }\n\n        if (canFormPalindrome(count, k)) {\n            printf(\"YES\\n\");\n        } else {\n            printf(\"NO\\n\");\n        }\n    }\n    return 0;\n}", "raw_exit_code": 0, "raw_stdout": "{\"result\": \"fail:wrong-output\", \"expected\": \"YES\\nYES\\nNO\\nYES\\nYES\", \"got\": \"NO\\nNO\\nNO\\nNO\\nYES\", \"stderr\": \"Test case 0 produced wrong output\\n\"}\n", "raw_stderr": "", "result": "fail:wrong-output", "expected": "YES\nYES\nNO\nYES\nYES", "got": "NO\nNO\nNO\nNO\nYES", "stderr": "Test case 0 produced wrong output\n"}
{"question_id": "1873_A", "solution": "#include <stdio.h>\n#include <stdlib.h>\n#include <string.h>\n\nint main() {\n    int t;\n    scanf(\"%d\", &t);\n\n    while (t--) {\n        char str[4];\n        scanf(\"%s\", str);\n\n        // Find the positions of 'a', 'b', and 'c'\n        int pos_a = -1, pos_b = -1, pos_c = -1;\n        for (int i = 0; i < 3; i++) {\n            if (str[i] == 'a') pos_a = i;\n            else if (str[i] == 'b') pos_b = i;\n            else if (str[i] == 'c') pos_c = i;\n        }\n\n        // Check if the string is already 'abc'\n        if (pos_a == 0 && pos_b == 1 && pos_c == 2) {\n            printf(\"YES\\n\");\n        } else {\n            // Check if a single swap can make it 'abc'\n            if ((pos_a == 1 && pos_b == 2) ||\n                (pos_a == 2 && pos_b == 1) ||\n                (pos_a == 0 && pos_c == 2) ||\n                (pos_a == 2 && pos_c == 0) ||\n                (pos_b == 0 && pos_c == 1) ||\n                (pos_b == 1 && pos_c == 0)) {\n                printf(\"YES\\n\");\n            } else {\n                printf(\"NO\\n\");\n            }\n        }\n    }\n\n    return 0;\n}", "raw_exit_code": 0, "raw_stdout": "{\"result\": \"fail:wrong-output\", \"expected\": \"NO\\nYES\\nYES\\nYES\\nNO\", \"got\": \"YES\\nNO\\nYES\\nNO\\nYES\", \"stderr\": \"Test case 2 produced wrong output\\n\"}\n", "raw_stderr": "", "result": "fail:wrong-output", "expected": "NO\nYES\nYES\nYES\nNO", "got": "YES\nNO\nYES\nNO\nYES", "stderr": "Test case 2 produced wrong output\n"}
{"question_id": "abc302_a", "solution": "#include <stdio.h>\n\nint main() {\n    long long A, B;\n    scanf(\"%lld %lld\", &A, &B);\n\n    // Calculate the minimum number of attacks required\n    long long attacks = (A + B - 1) / B;\n\n    // Output the result\n    printf(\"%lld\n\", attacks);\n\n    return 0;\n}", "raw_exit_code": 0, "raw_stdout": "{\"result\": \"fail:error\", \"exit_code\": 1, \"stdout\": \"\", \"stderr\": \"Compilation failed:\\n/tmp/agnostics_c_4dk45xoj/program.c: In function 'main':\\n/tmp/agnostics_c_4dk45xoj/program.c:11:12: warning: missing terminating \\\" character\\n   11 |     printf(\\\"%lld\\n      |            ^\\n/tmp/agnostics_c_4dk45xoj/program.c:11:12: error: missing terminating \\\" character\\n   11 |     printf(\\\"%lld\\n      |            ^~~~~\\n/tmp/agnostics_c_4dk45xoj/program.c:12:1: warning: missing terminating \\\" character\\n   12 | \\\", attacks);\\n      | ^\\n/tmp/agnostics_c_4dk45xoj/program.c:12:1: error: missing terminating \\\" character\\n   12 | \\\", attacks);\\n      | ^~~~~~~~~~~~\\n/tmp/agnostics_c_4dk45xoj/program.c:14:5: error: expected expression before 'return'\\n   14 |     return 0;\\n      |     ^~~~~~\\n/tmp/agnostics_c_4dk45xoj/program.c:14:14: error: expected ';' before '}' token\\n   14 |     return 0;\\n      |              ^\\n      |              ;\\n   15 | }\\n      | ~             \\n\"}\n", "raw_stderr": "", "result": "fail:error", "exit_code": 1, "stdout": "", "stderr": "Compilation failed:\n/tmp/agnostics_c_4dk45xoj/program.c: In function 'main':\n/tmp/agnostics_c_4dk45xoj/program.c:11:12: warning: missing terminating \" character\n   11 |     printf(\"%lld\n      |            ^\n/tmp/agnostics_c_4dk45xoj/program.c:11:12: error: missing terminating \" character\n   11 |     printf(\"%lld\n      |            ^~~~~\n/tmp/agnostics_c_4dk45xoj/program.c:12:1: warning: missing terminating \" character\n   12 | \", attacks);\n      | ^\n/tmp/agnostics_c_4dk45xoj/program.c:12:1: error: missing terminating \" character\n   12 | \", attacks);\n      | ^~~~~~~~~~~~\n/tmp/agnostics_c_4dk45xoj/program.c:14:5: error: expected expression before 'return'\n   14 |     return 0;\n      |     ^~~~~~\n/tmp/agnostics_c_4dk45xoj/program.c:14:14: error: expected ';' before '}' token\n   14 |     return 0;\n      |              ^\n      |              ;\n   15 | }\n      | ~             \n"}
{"question_id": "1899_D", "solution": "#include <stdio.h>\n#include <stdlib.h>\n#include <string.h>\n#include <glib.h>\n\nint main() {\n    int t;\n    scanf(\"%d\", &t);\n\n    while (t--) {\n        int n;\n        scanf(\"%d\", &n);\n\n        GHashTable *freq = g_hash_table_new(g_direct_hash, g_direct_equal);\n        long long pairs = 0;\n\n        for (int i = 0; i < n; i++) {\n            int a;\n            scanf(\"%d\", &a);\n\n            long long b = (long long)pow(2, a);\n\n            gpointer value = g_hash_table_lookup(freq, GINT_TO_POINTER(b));\n            if (value != NULL) {\n                pairs += GPOINTER_TO_INT(value);\n            }\n\n            g_hash_table_insert(freq, GINT_TO_POINTER(b), GINT_TO_POINTER(GPOINTER_TO_INT(value) + 1));\n        }\n\n        printf(\"%lld\\n\", pairs);\n\n        g_hash_table_destroy(freq);\n    }\n\n    return 0;\n}", "raw_exit_code": 0, "raw_stdout": "{\"result\": \"fail:error\", \"exit_code\": 1, \"stdout\": \"\", \"stderr\": \"Compilation failed:\\n/tmp/agnostics_c_vgfwo220/program.c:4:10: fatal error: glib.h: No such file or directory\\n    4 | #include <glib.h>\\n      |          ^~~~~~~~\\ncompilation terminated.\\n\"}\n", "raw_stderr": "", "result": "fail:error", "exit_code": 1, "stdout": "", "stderr": "Compilation failed:\n/tmp/agnostics_c_vgfwo220/program.c:4:10: fatal error: glib.h: No such file or directory\n    4 | #include <glib.h>\n      |          ^~~~~~~~\ncompilation terminated.\n"}
{"question_id": "1899_C", "solution": "#include <stdio.h>\n#include <stdlib.h>\n#include <string.h>\n#include <limits.h>\n#include <math.h>\n\nint main() {\n    int t;\n    scanf(\"%d\", &t);\n\n    while (t--) {\n        int n;\n        scanf(\"%d\", &n);\n\n        int *a = (int *)malloc(n * sizeof(int));\n        for (int i = 0; i < n; i++) {\n            scanf(\"%d\", &a[i]);\n        }\n\n        int max_sum = INT_MIN;\n        int current_sum = 0;\n        int parity = a[0] % 2; // Start with the parity of the first element\n\n        for (int i = 0; i < n; i++) {\n            if (i > 0 && (a[i] % 2 == parity)) {\n                // If the current element has the same parity as the previous one, start a new subarray\n                current_sum = a[i];\n                parity = 1 - parity; // Switch parity for the next subarray\n            } else {\n                current_sum += a[i];\n            }\n            max_sum = fmax(max_sum, current_sum);\n        }\n\n        // Handle the case where the array contains only negative numbers\n        if (max_sum == INT_MIN) {\n            for (int i = 0; i < n; i++) {\n                if (a[i] > max_sum) {\n                    max_sum = a[i];\n                }\n            }\n        }\n\n        printf(\"%d\n\", max_sum);\n\n        free(a);\n    }\n\n    return 0;\n}", "raw_exit_code": 0, "raw_stdout": "{\"result\": \"fail:error\", \"exit_code\": 1, \"stdout\": \"\", \"stderr\": \"Compilation failed:\\n/tmp/agnostics_c_s2xie2ou/program.c: In function 'main':\\n/tmp/agnostics_c_s2xie2ou/program.c:44:16: warning: missing terminating \\\" character\\n   44 |         printf(\\\"%d\\n      |                ^\\n/tmp/agnostics_c_s2xie2ou/program.c:44:16: error: missing terminating \\\" character\\n   44 |         printf(\\\"%d\\n      |                ^~~\\n/tmp/agnostics_c_s2xie2ou/program.c:45:1: warning: missing terminating \\\" character\\n   45 | \\\", max_sum);\\n      | ^\\n/tmp/agnostics_c_s2xie2ou/program.c:45:1: error: missing terminating \\\" character\\n   45 | \\\", max_sum);\\n      | ^~~~~~~~~~~~\\n/tmp/agnostics_c_s2xie2ou/program.c:47:16: error: expected ')' before ';' token\\n   47 |         free(a);\\n      |                ^\\n      |                )\\n/tmp/agnostics_c_s2xie2ou/program.c:44:15: note: to match this '('\\n   44 |         printf(\\\"%d\\n      |               ^\\n/tmp/agnostics_c_s2xie2ou/program.c:47:9: error: invalid use of void expression\\n   47 |         free(a);\\n      |         ^~~~~~~\\n/tmp/agnostics_c_s2xie2ou/program.c:47:17: error: expected ';' before '}' token\\n   47 |         free(a);\\n      |                 ^\\n      |                 ;\\n   48 |     }\\n      |     ~            \\n\"}\n", "raw_stderr": "", "result": "fail:error", "exit_code": 1, "stdout": "", "stderr": "Compilation failed:\n/tmp/agnostics_c_s2xie2ou/program.c: In function 'main':\n/tmp/agnostics_c_s2xie2ou/program.c:44:16: warning: missing terminating \" character\n   44 |         printf(\"%d\n      |                ^\n/tmp/agnostics_c_s2xie2ou/program.c:44:16: error: missing terminating \" character\n   44 |         printf(\"%d\n      |                ^~~\n/tmp/agnostics_c_s2xie2ou/program.c:45:1: warning: missing terminating \" character\n   45 | \", max_sum);\n      | ^\n/tmp/agnostics_c_s2xie2ou/program.c:45:1: error: missing terminating \" character\n   45 | \", max_sum);\n      | ^~~~~~~~~~~~\n/tmp/agnostics_c_s2xie2ou/program.c:47:16: error: expected ')' before ';' token\n   47 |         free(a);\n      |                ^\n      |                )\n/tmp/agnostics_c_s2xie2ou/program.c:44:15: note: to match this '('\n   44 |         printf(\"%d\n      |               ^\n/tmp/agnostics_c_s2xie2ou/program.c:47:9: error: invalid use of void expression\n   47 |         free(a);\n      |         ^~~~~~~\n/tmp/agnostics_c_s2xie2ou/program.c:47:17: error: expected ';' before '}' token\n   47 |         free(a);\n      |                 ^\n      |                 ;\n   48 |     }\n      |     ~            \n"}
{"question_id": "abc301_b", "solution": "#include <stdio.h>\n#include <stdlib.h>\n#include <string.h>\n#include <stdbool.h>\n\nint compare(const void *a, const void *b) {\n    return (*(int*)a - *(int*)b);\n}\n\nvoid insert_numbers(int *arr, int i, int j, int *size) {\n    int diff = abs(j - i);\n    for (int k = 1; k < diff; k++) {\n        if (i < j) {\n            arr[*size + k] = i + k;\n        } else {\n            arr[*size + k] = i - k;\n        }\n    }\n    *size += diff - 1;\n}\n\nint main() {\n    int n;\n    scanf(\"%d\", &n);\n\n    int *arr = (int *)malloc(n * sizeof(int));\n    for (int i = 0; i < n; i++) {\n        scanf(\"%d\", &arr[i]);\n    }\n\n    int size = n;\n    bool inserted;\n\n    while (true) {\n        inserted = false;\n        for (int i = 0; i < size - 1; i++) {\n            int diff = abs(arr[i] - arr[i + 1]);\n            if (diff > 1) {\n                insert_numbers(arr, i, i + 1, &size);\n                inserted = true;\n                break;\n            }\n        }\n\n        if (!inserted) {\n            break;\n        }\n    }\n\n    for (int i = 0; i < size; i++) {\n        printf(\"%d \", arr[i]);\n    }\n    printf(\"\\n\");\n\n    free(arr);\n\n    return 0;\n}", "raw_exit_code": 0, "raw_stdout": "{\"result\": \"fail:timeout\", \"stdout\": \"\", \"stderr\": \"Test case 2 timed out after 15 seconds\\n\"}\n", "raw_stderr": "", "result": "fail:timeout", "stdout": "", "stderr": "Test case 2 timed out after 15 seconds\n"}
{"question_id": "abc301_c", "solution": "#include <stdio.h>\n#include <stdlib.h>\n#include <string.h>\n#include <stdbool.h>\n\nint main() {\n    char S[200001], T[200001];\n    scanf(\"%s\", S);\n    scanf(\"%s\", T);\n\n    int len = strlen(S);\n    int countS[26] = {0}, countT[26] = {0};\n\n    // Count characters in S and T\n    for (int i = 0; i < len; i++) {\n        if (S[i] != '@') {\n            countS[S[i] - 'a']++;\n        }\n        if (T[i] != '@') {\n            countT[T[i] - 'a']++;\n        }\n    }\n\n    // Check if we can match characters in S with T\n    bool canMatch = true;\n    for (int i = 0; i < 26; i++) {\n        if (countS[i] != countT[i]) {\n            canMatch = false;\n            break;\n        }\n    }\n\n    // Check if we can match remaining '@'s\n    int atCountS = 0, atCountT = 0;\n    for (int i = 0; i < len; i++) {\n        if (S[i] == '@') atCountS++;\n        if (T[i] == '@') atCountT++;\n    }\n\n    if (atCountS == atCountT) {\n        canMatch = true;\n    } else {\n        canMatch = false;\n    }\n\n    // Output result\n    if (canMatch) {\n        printf(\"Yes\\n\");\n    } else {\n        printf(\"No\\n\");\n    }\n\n    return 0;\n}", "raw_exit_code": 0, "raw_stdout": "{\"result\": \"fail:wrong-output\", \"expected\": \"Yes\", \"got\": \"No\", \"stderr\": \"Test case 1 produced wrong output\\n\"}\n", "raw_stderr": "", "result": "fail:wrong-output", "expected": "Yes", "got": "No", "stderr": "Test case 1 produced wrong output\n"}
{"question_id": "abc302_d", "solution": "#include <stdio.h>\n#include <stdlib.h>\n#include <string.h>\n#include <stdbool.h>\n#include <math.h>\n#include <limits.h>\n#include <ctype.h>\n\nint compare(const void *a, const void *b) {\n    return (*(int*)a - *(int*)b);\n}\n\nint main() {\n    int n, m, d;\n    scanf(\"%d %d %d\", &n, &m, &d);\n\n    int *a = (int *)malloc(n * sizeof(int));\n    for (int i = 0; i < n; i++) {\n        scanf(\"%d\", &a[i]);\n    }\n\n    int *b = (int *)malloc(m * sizeof(int));\n    for (int i = 0; i < m; i++) {\n        scanf(\"%d\", &b[i]);\n    }\n\n    qsort(a, n, sizeof(int), compare);\n    qsort(b, m, sizeof(int), compare);\n\n    int i = 0, j = m - 1;\n    long long max_sum = -1;\n\n    while (i < n && j >= 0) {\n        if (b[j] - a[i] <= d) {\n            max_sum = a[i] + b[j];\n            i++;\n            j--;\n        } else {\n            i++;\n        }\n    }\n\n    printf(\"%lld\n\", max_sum);\n\n    free(a);\n    free(b);\n\n    return 0;\n}", "raw_exit_code": 0, "raw_stdout": "{\"result\": \"fail:error\", \"exit_code\": 1, \"stdout\": \"\", \"stderr\": \"Compilation failed:\\n/tmp/agnostics_c_c8gfmkcs/program.c: In function 'main':\\n/tmp/agnostics_c_c8gfmkcs/program.c:43:12: warning: missing terminating \\\" character\\n   43 |     printf(\\\"%lld\\n      |            ^\\n/tmp/agnostics_c_c8gfmkcs/program.c:43:12: error: missing terminating \\\" character\\n   43 |     printf(\\\"%lld\\n      |            ^~~~~\\n/tmp/agnostics_c_c8gfmkcs/program.c:44:1: warning: missing terminating \\\" character\\n   44 | \\\", max_sum);\\n      | ^\\n/tmp/agnostics_c_c8gfmkcs/program.c:44:1: error: missing terminating \\\" character\\n   44 | \\\", max_sum);\\n      | ^~~~~~~~~~~~\\n/tmp/agnostics_c_c8gfmkcs/program.c:46:12: error: expected ')' before ';' token\\n   46 |     free(a);\\n      |            ^\\n      |            )\\n/tmp/agnostics_c_c8gfmkcs/program.c:43:11: note: to match this '('\\n   43 |     printf(\\\"%lld\\n      |           ^\\n/tmp/agnostics_c_c8gfmkcs/program.c:46:5: error: invalid use of void expression\\n   46 |     free(a);\\n      |     ^~~~~~~\\n/tmp/agnostics_c_c8gfmkcs/program.c:49:14: error: expected ';' before '}' token\\n   49 |     return 0;\\n      |              ^\\n      |              ;\\n   50 | }\\n      | ~             \\n\"}\n", "raw_stderr": "", "result": "fail:error", "exit_code": 1, "stdout": "", "stderr": "Compilation failed:\n/tmp/agnostics_c_c8gfmkcs/program.c: In function 'main':\n/tmp/agnostics_c_c8gfmkcs/program.c:43:12: warning: missing terminating \" character\n   43 |     printf(\"%lld\n      |            ^\n/tmp/agnostics_c_c8gfmkcs/program.c:43:12: error: missing terminating \" character\n   43 |     printf(\"%lld\n      |            ^~~~~\n/tmp/agnostics_c_c8gfmkcs/program.c:44:1: warning: missing terminating \" character\n   44 | \", max_sum);\n      | ^\n/tmp/agnostics_c_c8gfmkcs/program.c:44:1: error: missing terminating \" character\n   44 | \", max_sum);\n      | ^~~~~~~~~~~~\n/tmp/agnostics_c_c8gfmkcs/program.c:46:12: error: expected ')' before ';' token\n   46 |     free(a);\n      |            ^\n      |            )\n/tmp/agnostics_c_c8gfmkcs/program.c:43:11: note: to match this '('\n   43 |     printf(\"%lld\n      |           ^\n/tmp/agnostics_c_c8gfmkcs/program.c:46:5: error: invalid use of void expression\n   46 |     free(a);\n      |     ^~~~~~~\n/tmp/agnostics_c_c8gfmkcs/program.c:49:14: error: expected ';' before '}' token\n   49 |     return 0;\n      |              ^\n      |              ;\n   50 | }\n      | ~             \n"}
{"question_id": "abc301_d", "solution": "#include <stdio.h>\n#include <stdlib.h>\n#include <string.h>\n\nint compare(const void *a, const void *b) {\n    return (*(long long*)b - *(long long*)a);\n}\n\nint main() {\n    char S[61];\n    long long N;\n    scanf(\"%s %lld\", S, &N);\n\n    int len = strlen(S);\n    long long *values = (long long *)malloc(len * sizeof(long long));\n    int count = 0;\n\n    // Helper function to generate binary values\n    void generate_values(char *str, int pos, long long value) {\n        if (pos == len) {\n            if (value <= N) {\n                values[count++] = value;\n            }\n            return;\n        }\n\n        if (str[pos] == '?') {\n            generate_values(str, pos + 1, value * 2);\n            generate_values(str, pos + 1, value * 2 + 1);\n        } else {\n            generate_values(str, pos + 1, value * 2 + (str[pos] - '0')));\n        }\n    }\n\n    // Generate all possible values\n    generate_values(S, 0, 0);\n\n    // Sort the values in descending order\n    qsort(values, count, sizeof(long long), compare);\n\n    // Find the greatest value less than or equal to N\n    long long result = -1;\n    for (int i = 0; i < count; i++) {\n        if (values[i] <= N) {\n            result = values[i];\n        } else {\n            break;\n        }\n    }\n\n    // Print the result\n    printf(\"%lld\\n\", result);\n\n    // Clean up\n    free(values);\n\n    return 0;\n}", "raw_exit_code": 0, "raw_stdout": "{\"result\": \"fail:error\", \"exit_code\": 1, \"stdout\": \"\", \"stderr\": \"Compilation failed:\\n/tmp/agnostics_c_2cgp822i/program.c: In function 'generate_values':\\n/tmp/agnostics_c_2cgp822i/program.c:31:72: error: expected ';' before ')' token\\n   31 |             generate_values(str, pos + 1, value * 2 + (str[pos] - '0')));\\n      |                                                                        ^\\n      |                                                                        ;\\n/tmp/agnostics_c_2cgp822i/program.c:31:72: error: expected statement before ')' token\\n\"}\n", "raw_stderr": "", "result": "fail:error", "exit_code": 1, "stdout": "", "stderr": "Compilation failed:\n/tmp/agnostics_c_2cgp822i/program.c: In function 'generate_values':\n/tmp/agnostics_c_2cgp822i/program.c:31:72: error: expected ';' before ')' token\n   31 |             generate_values(str, pos + 1, value * 2 + (str[pos] - '0')));\n      |                                                                        ^\n      |                                                                        ;\n/tmp/agnostics_c_2cgp822i/program.c:31:72: error: expected statement before ')' token\n"}
{"question_id": "abc301_f", "solution": "#include <stdio.h>\n#include <stdlib.h>\n#include <string.h>\n#include <stdbool.h>\n#include <math.h>\n#include <limits.h>\n#include <ctype.h>\n\n#define MOD 998244353\n\nint main() {\n    char s[300001];\n    scanf(\"%s\", s);\n    int n = strlen(s);\n\n    // Count the number of '?' characters\n    int q = 0;\n    for (int i = 0; i < n; i++) {\n        if (s[i] == '?') {\n            q++;\n        }\n    }\n\n    // If there are no '?' characters, the result is 1 (the string itself)\n    if (q == 0) {\n        printf(\"1\\n\");\n        return 0;\n    }\n\n    // Calculate the total number of possible strings\n    long long total = 1;\n    for (int i = 0; i < q; i++) {\n        total = (total * 52) % MOD;\n    }\n\n    // Initialize DP arrays\n    long long dp[q + 1][2][2];\n    memset(dp, 0, sizeof(dp));\n    dp[0][0][0] = 1;\n\n    // Fill DP table\n    for (int i = 0; i < q; i++) {\n        long long dp_next[2][2];\n        memset(dp_next, 0, sizeof(dp_next));\n\n        for (int j = 0; j < 2; j++) {\n            for (int k = 0; k < 2; k++) {\n                if (dp[i][j][k] == 0) {\n                    continue;\n                }\n\n                // Case 1: Replace '?' with an uppercase letter\n                dp_next[j][0] = (dp_next[j][0] + dp[i][j][k]) % MOD;\n\n                // Case 2: Replace '?' with a lowercase letter\n                if (j == 0) {\n                    dp_next[0][1] = (dp_next[0][1] + dp[i][j][k]) % MOD;\n                } else {\n                    dp_next[1][1] = (dp_next[1][1] + dp[i][j][k]) % MOD;\n                }\n            }\n        }\n\n        memcpy(dp[i + 1], dp_next, sizeof(dp_next));\n    }\n\n    // Calculate the number of valid strings\n    long long valid_count = (total - dp[q][0][1] - dp[q][1][1] + MOD) % MOD;\n\n    // Print the result\n    printf(\"%lld\\n\", valid_count);\n\n    return 0;\n}", "raw_exit_code": 0, "raw_stdout": "{\"result\": \"fail:wrong-output\", \"expected\": \"7294040\", \"got\": \"7311608\", \"stderr\": \"Test case 0 produced wrong output\\n\"}\n", "raw_stderr": "", "result": "fail:wrong-output", "expected": "7294040", "got": "7311608", "stderr": "Test case 0 produced wrong output\n"}
{"question_id": "abc302_c", "solution": "#include <stdio.h>\n#include <stdlib.h>\n#include <string.h>\n#include <glib.h>\n\n#define MAXN 8\n#define MAXM 5\n\nint main() {\n    int N, M;\n    scanf(\"%d %d\", &N, &M);\n\n    char strings[MAXN][MAXM + 1];\n    for (int i = 0; i < N; i++) {\n        scanf(\"%s\", strings[i]);\n    }\n\n    // Create a graph to represent the strings and their differences\n    GHashTable *graph = g_hash_table_new(g_str_hash, g_str_equal);\n\n    for (int i = 0; i < N; i++) {\n        for (int j = i + 1; j < N; j++) {\n            int diff = 0;\n            for (int k = 0; k < M; k++) {\n                if (strings[i][k] != strings[j][k]) {\n                    diff++;\n                }\n                if (diff > 1) {\n                    break;\n                }\n            }\n            if (diff == 1) {\n                GArray *adj_list_i = g_hash_table_lookup(graph, strings[i]);\n                if (adj_list_i == NULL) {\n                    adj_list_i = g_array_new(FALSE, FALSE, sizeof(char*));\n                    g_hash_table_insert(graph, g_strdup(strings[i]), adj_list_i);\n                }\n                g_array_append_val(adj_list_i, g_strdup(strings[j]));\n\n                GArray *adj_list_j = g_hash_table_lookup(graph, strings[j]);\n                if (adj_list_j == NULL) {\n                    adj_list_j = g_array_new(FALSE, FALSE, sizeof(char*));\n                    g_hash_table_insert(graph, g_strdup(strings[j]), adj_list_j);\n                }\n                g_array_append_val(adj_list_j, g_strdup(strings[i]));\n            }\n        }\n    }\n\n    // Check if the graph has an Eulerian path\n    int odd = 0;\n    char *start = NULL;\n    for (int i = 0; i < N; i++) {\n        char *key = strings[i];\n        GArray *adj_list = g_hash_table_lookup(graph, key);\n        if (adj_list != NULL) {\n            int degree = g_array_get_length(adj_list);\n            if (degree % 2 != 0) {\n                odd++;\n                start = key;\n            }\n        }\n    }\n\n    if (odd == 0 || (odd == 2 && start != NULL)) {\n        printf(\"Yes\\n\");\n    } else {\n        printf(\"No\\n\");\n    }\n\n    // Clean up\n    GHashTableIter iter;\n    gpointer key, value;\n    g_hash_table_iter_init(&iter, graph);\n    while (g_hash_table_iter_next(&iter, &key, &value)) {\n        g_array_free(value, TRUE);\n        g_free(key);\n    }\n    g_hash_table_destroy(graph);\n\n    return 0;\n}", "raw_exit_code": 0, "raw_stdout": "{\"result\": \"fail:error\", \"exit_code\": 1, \"stdout\": \"\", \"stderr\": \"Compilation failed:\\n/tmp/agnostics_c_pu8wdu9t/program.c:4:10: fatal error: glib.h: No such file or directory\\n    4 | #include <glib.h>\\n      |          ^~~~~~~~\\ncompilation terminated.\\n\"}\n", "raw_stderr": "", "result": "fail:error", "exit_code": 1, "stdout": "", "stderr": "Compilation failed:\n/tmp/agnostics_c_pu8wdu9t/program.c:4:10: fatal error: glib.h: No such file or directory\n    4 | #include <glib.h>\n      |          ^~~~~~~~\ncompilation terminated.\n"}
{"question_id": "abc301_e", "solution": "#include <stdio.h>\n#include <stdlib.h>\n#include <string.h>\n\n#define MAX_H 300\n#define MAX_W 300\n#define MAX_T 2000000\n\ntypedef struct {\n    int x, y;\n} Point;\n\nint dx[] = {0, 0, 1, -1};\nint dy[] = {1, -1, 0, 0};\n\nint main() {\n    int H, W, T;\n    scanf(\"%d %d %d\", &H, &W, &T);\n\n    char grid[MAX_H][MAX_W];\n    for (int i = 0; i < H; i++) {\n        scanf(\"%s\", grid[i]);\n    }\n\n    Point start, goal;\n    for (int i = 0; i < H; i++) {\n        for (int j = 0; j < W; j++) {\n            if (grid[i][j] == 'S') {\n                start.x = i;\n                start.y = j;\n            } else if (grid[i][j] == 'G') {\n                goal.x = i;\n                goal.y = j;\n            }\n        }\n    }\n\n    int queue[MAX_H * MAX_W * 2];\n    int front = 0, rear = 0;\n    int visited[MAX_H * MAX_W] = {0};\n\n    queue[rear++] = start.x * W + start.y;\n    visited[start.x * W + start.y] = 0;\n\n    int max_candies = 0;\n\n    while (front != rear && T > 0) {\n        int size = rear - front;\n        for (int i = 0; i < size; i++) {\n            int pos = queue[front++];\n            int x = pos / W;\n            int y = pos % W;\n\n            for (int d = 0; d < 4; d++) {\n                int nx = x + dx[d];\n                int ny = y + dy[d];\n\n                if (nx >= 0 && nx < H && ny >= 0 && ny < W && grid[nx][ny] != '#') {\n                    int new_pos = nx * W + ny;\n                    int candies = visited[pos] + (grid[nx][ny] == 'o' ? 1 : 0);\n\n                    if (nx == goal.x && ny == goal.y) {\n                        max_candies = candies;\n                        break;\n                    }\n\n                    if (!visited[new_pos] || candies > visited[new_pos]) {\n                        queue[rear++] = new_pos;\n                        visited[new_pos] = candies;\n                    }\n                }\n            }\n\n            if (max_candies != 0) {\n                break;\n            }\n        }\n\n        T--;\n    }\n\n    printf(\"%d\\n\", max_candies);\n\n    return 0;\n}", "raw_exit_code": 0, "raw_stdout": "{\"result\": \"fail:wrong-output\", \"expected\": \"1\", \"got\": \"0\", \"stderr\": \"Test case 1 produced wrong output\\n\"}\n", "raw_stderr": "", "result": "fail:wrong-output", "expected": "1", "got": "0", "stderr": "Test case 1 produced wrong output\n"}
{"question_id": "abc302_b", "solution": "#include <stdio.h>\n#include <stdlib.h>\n#include <string.h>\n\n#define H 100\n#define W 100\n\nint main() {\n    int H, W;\n    scanf(\"%d %d\", &H, &W);\n\n    char grid[H][W];\n    for (int i = 0; i < H; i++) {\n        scanf(\"%s\", grid[i]);\n    }\n\n    int result[H * W][5][2] = {0};\n    int result_count = 0;\n\n    for (int i = 0; i < H; i++) {\n        for (int j = 0; j < W; j++) {\n            if (grid[i][j] == 's') {\n                for (int di = -1; di <= 1; di++) {\n                    for (int dj = -1; dj <= 1; dj++) {\n                        if (di == 0 && dj == 0) continue;\n                        int ni = i + di, nj = j + dj;\n                        if (ni >= 0 && ni < H && nj >= 0 && nj < W && grid[ni][nj] == 'n') {\n                            for (int dk = -1; dk <= 1; dk++) {\n                                if (dk == 0) continue;\n                                int nk = ni + di * dk, nkj = nj + dj * dk;\n                                if (nk >= 0 && nk < H && nkj >= 0 && nkj < W && grid[nk][nkj] == 'u') {\n                                    for (int dl = -1; dl <= 1; dl++) {\n                                        if (dl == 0) continue;\n                                        int nl = nk + di * dk * dl, nlj = nkj + dj * dk * dl;\n                                        if (nl >= 0 && nl < H && nlj >= 0 && nlj < W && grid[nl][nlj] == 'k') {\n                                            for (int dm = -1; dm <= 1; dm++) {\n                                                if (dm == 0) continue;\n                                                int nm = nl + di * dk * dl * dm, nmj = nlj + dj * dk * dl * dm;\n                                                if (nm >= 0 && nm < H && nmj >= 0 && nmj < W && grid[nm][nmj] == 'e') {\n                                                    result[result_count][0][0] = i;\n                                                    result[result_count][0][1] = j;\n                                                    result[result_count][1][0] = ni;\n                                                    result[result_count][1][1] = nj;\n                                                    result[result_count][2][0] = nk;\n                                                    result[result_count][2][1] = nkj;\n                                                    result[result_count][3][0] = nl;\n                                                    result[result_count][3][1] = nlj;\n                                                    result[result_count][4][0] = nm;\n                                                    result[result_count][4][1] = nmj;\n                                                    result_count++;\n                                                }\n                                            }\n                                        }\n                                    }\n                                }\n                            }\n                        }\n                    }\n                }\n            }\n        }\n    }\n\n    if (result_count == 0) {\n        printf(\"No solution found.\n\");\n    } else {\n        for (int i = 0; i < result_count; i++) {\n            for (int j = 0; j < 5; j++) {\n                printf(\"%d %d\n\", result[i][j][0] + 1, result[i][j][1] + 1);\n            }\n        }\n    }\n\n    return 0;\n}", "raw_exit_code": 0, "raw_stdout": "{\"result\": \"fail:error\", \"exit_code\": 1, \"stdout\": \"\", \"stderr\": \"Compilation failed:\\n/tmp/agnostics_c_dy13rw79/program.c: In function 'main':\\n/tmp/agnostics_c_dy13rw79/program.c:5:11: error: expected identifier or '(' before numeric constant\\n    5 | #define H 100\\n      |           ^~~\\n/tmp/agnostics_c_dy13rw79/program.c:9:9: note: in expansion of macro 'H'\\n    9 |     int H, W;\\n      |         ^\\n/tmp/agnostics_c_dy13rw79/program.c:10:20: error: lvalue required as unary '&' operand\\n   10 |     scanf(\\\"%d %d\\\", &H, &W);\\n      |                    ^\\n/tmp/agnostics_c_dy13rw79/program.c:10:24: error: lvalue required as unary '&' operand\\n   10 |     scanf(\\\"%d %d\\\", &H, &W);\\n      |                        ^\\n/tmp/agnostics_c_dy13rw79/program.c:65:16: warning: missing terminating \\\" character\\n   65 |         printf(\\\"No solution found.\\n      |                ^\\n/tmp/agnostics_c_dy13rw79/program.c:65:16: error: missing terminating \\\" character\\n   65 |         printf(\\\"No solution found.\\n      |                ^~~~~~~~~~~~~~~~~~~\\n/tmp/agnostics_c_dy13rw79/program.c:66:1: warning: missing terminating \\\" character\\n   66 | \\\");\\n      | ^\\n/tmp/agnostics_c_dy13rw79/program.c:66:1: error: missing terminating \\\" character\\n   66 | \\\");\\n      | ^~~\\n/tmp/agnostics_c_dy13rw79/program.c:67:5: error: expected expression before '}' token\\n   67 |     } else {\\n      |     ^\\n/tmp/agnostics_c_dy13rw79/program.c:65:16: error: expected ';' before '}' token\\n   65 |         printf(\\\"No solution found.\\n      |                ^\\n      |                ;\\n   66 | \\\");\\n   67 |     } else {\\n      |     ~           \\n/tmp/agnostics_c_dy13rw79/program.c:70:24: warning: missing terminating \\\" character\\n   70 |                 printf(\\\"%d %d\\n      |                        ^\\n/tmp/agnostics_c_dy13rw79/program.c:70:24: error: missing terminating \\\" character\\n   70 |                 printf(\\\"%d %d\\n      |                        ^~~~~~\\n/tmp/agnostics_c_dy13rw79/program.c:71:1: warning: missing terminating \\\" character\\n", "raw_stderr": "", "result": "fail"}
{"question_id": "abc302_e", "solution": "#include <stdio.h>\n#include <stdlib.h>\n#include <string.h>\n#include <stdbool.h>\n#include <math.h>\n#include <limits.h>\n#include <ctype.h>\n\n// No need to include glib.h since we are not using any GLib data structures\n\nint main() {\n    int n, q;\n    scanf(\"%d %d\", &n, &q);\n\n    // Initialize adjacency list and degree map\n    GHashTable *adj = g_hash_table_new(g_direct_hash, g_direct_equal);\n    GHashTable *degree = g_hash_table_new(g_direct_hash, g_direct_equal);\n\n    // Initialize all vertices with degree 0\n    for (int i = 1; i <= n; i++) {\n        g_hash_table_insert(degree, GINT_TO_POINTER(i), GINT_TO_POINTER(0));\n    }\n\n    for (int i = 0; i < q; i++) {\n        int type, u, v;\n        scanf(\"%d\", &type);\n\n        if (type == 1) {\n            scanf(\"%d %d\", &u, &v);\n\n            // Add edge u-v\n            GArray *list = g_hash_table_lookup(adj, GINT_TO_POINTER(u));\n            if (!list) {\n                list = g_array_new(FALSE, FALSE, sizeof(int));\n                g_hash_table_insert(adj, GINT_TO_POINTER(u), list);\n            }\n            g_array_append_val(list, v);\n\n            list = g_hash_table_lookup(adj, GINT_TO_POINTER(v));\n            if (!list) {\n                list = g_array_new(FALSE, FALSE, sizeof(int));\n                g_hash_table_insert(adj, GINT_TO_POINTER(v), list);\n            }\n            g_array_append_val(list, u);\n\n            // Update degrees\n            int *deg_u = g_hash_table_lookup(degree, GINT_TO_POINTER(u));\n            int *deg_v = g_hash_table_lookup(degree, GINT_TO_POINTER(v));\n            (*deg_u)++;\n            (*deg_v)++;\n        } else if (type == 2) {\n            scanf(\"%d\", &u);\n\n            // Remove all edges connected to vertex u\n            GArray *list = g_hash_table_lookup(adj, GINT_TO_POINTER(u));\n            if (list) {\n                for (guint j = 0; j < list->len; j++) {\n                    int v = g_array_index(list, int, j);\n                    GArray *v_list = g_hash_table_lookup(adj, GINT_TO_POINTER(v));\n                    if (v_list) {\n                        g_array_remove_range(v_list, j, 1);\n                        j--;\n                    }\n                }\n                g_array_free(list, TRUE);\n                g_hash_table_remove(adj, GINT_TO_POINTER(u));\n            }\n\n            // Update degrees\n            int *deg_u = g_hash_table_lookup(degree, GINT_TO_POINTER(u));\n            (*deg_u) = 0;\n        }\n\n        // Count vertices with degree 0\n        int count = 0;\n        GHashTableIter iter;\n        gpointer key, value;\n        g_hash_table_iter_init(&iter, degree);\n        while (g_hash_table_iter_next(&iter, &key, &value)) {\n            if (GPOINTER_TO_INT(value) == 0) {\n                count++;\n            }\n        }\n\n        // Print the count\n        printf(\"%d\n\", count);\n    }\n\n    // Clean up\n    g_hash_table_destroy(adj);\n    g_hash_table_destroy(degree);\n\n    return 0;\n}", "raw_exit_code": 0, "raw_stdout": "{\"result\": \"fail:error\", \"exit_code\": 1, \"stdout\": \"\", \"stderr\": \"Compilation failed:\\n/tmp/agnostics_c_5iy5bdb9/program.c: In function 'main':\\n/tmp/agnostics_c_5iy5bdb9/program.c:16:5: error: unknown type name 'GHashTable'\\n   16 |     GHashTable *adj = g_hash_table_new(g_direct_hash, g_direct_equal);\\n      |     ^~~~~~~~~~\\n/tmp/agnostics_c_5iy5bdb9/program.c:16:23: warning: implicit declaration of function 'g_hash_table_new' [-Wimplicit-function-declaration]\\n   16 |     GHashTable *adj = g_hash_table_new(g_direct_hash, g_direct_equal);\\n      |                       ^~~~~~~~~~~~~~~~\\n/tmp/agnostics_c_5iy5bdb9/program.c:16:40: error: 'g_direct_hash' undeclared (first use in this function)\\n   16 |     GHashTable *adj = g_hash_table_new(g_direct_hash, g_direct_equal);\\n      |                                        ^~~~~~~~~~~~~\\n/tmp/agnostics_c_5iy5bdb9/program.c:16:40: note: each undeclared identifier is reported only once for each function it appears in\\n/tmp/agnostics_c_5iy5bdb9/program.c:16:55: error: 'g_direct_equal' undeclared (first use in this function)\\n   16 |     GHashTable *adj = g_hash_table_new(g_direct_hash, g_direct_equal);\\n      |                                                       ^~~~~~~~~~~~~~\\n/tmp/agnostics_c_5iy5bdb9/program.c:17:5: error: unknown type name 'GHashTable'\\n   17 |     GHashTable *degree = g_hash_table_new(g_direct_hash, g_direct_equal);\\n      |     ^~~~~~~~~~\\n/tmp/agnostics_c_5iy5bdb9/program.c:21:9: warning: implicit declaration of function 'g_hash_table_insert' [-Wimplicit-function-declaration]\\n   21 |         g_hash_table_insert(degree, GINT_TO_POINTER(i), GINT_TO_POINTER(0));\\n      |         ^~~~~~~~~~~~~~~~~~~\\n/tmp/agnostics_c_5iy5bdb9/program.c:21:37: warning: implicit declaration of function 'GINT_TO_POINTER' [-Wimplicit-function-declaration]\\n   21 |         g_hash_table_insert(degree, GINT_TO_POINTER(i), GINT_TO_POINTER(0));\\n      |                                     ^~~~~~~~~~~~~~~\\n/tmp/agnostics_c_5iy5bdb9/program.c:32:13: error: unknown type name ", "raw_stderr": "", "result": "fail"}
