{"question_id": "1873_D", "solution": "#include <stdio.h>\n#include <stdlib.h>\n#include <string.h>\n\nint main() {\n    int t;\n    scanf(\"%d\", &t);\n\n    while (t--) {\n        int n, k;\n        scanf(\"%d %d\", &n, &k);\n        char s[n + 1];\n        scanf(\"%s\", s);\n\n        int operations = 0;\n        int blackCount = 0;\n\n        // Sliding window to count black cells in each segment of length k\n        for (int i = 0; i < n; i++) {\n            if (s[i] == 'B') {\n                blackCount++;\n            }\n\n            if (i >= k) {\n                if (s[i - k] == 'B') {\n                    blackCount--;\n                }\n            }\n\n            // If we have a segment of k cells with all black cells, we need one operation\n            if (i >= k - 1 && blackCount == k) {\n                operations++;\n                blackCount = 0; // Reset the count after performing an operation\n            }\n        }\n\n        printf(\"%d\\n\", operations);\n    }\n\n    return 0;\n}", "raw_exit_code": 0, "raw_stdout": "{\"result\": \"fail:wrong-output\", \"expected\": \"2\\n2\", \"got\": \"0\\n0\", \"stderr\": \"Test case 0 produced wrong output\\n\"}\n", "raw_stderr": "", "result": "fail:wrong-output", "expected": "2\n2", "got": "0\n0", "stderr": "Test case 0 produced wrong output\n"}
{"question_id": "1883_B", "solution": "#include <stdio.h>\n#include <stdlib.h>\n#include <string.h>\n\n#define MAXN 100001\n\nint main() {\n    int t;\n    scanf(\"%d\", &t);\n\n    while (t--) {\n        int n, k;\n        scanf(\"%d %d\", &n, &k);\n\n        char s[MAXN];\n        scanf(\"%s\", s);\n\n        // Count the frequency of each character\n        int char_count[26] = {0};\n        for (int i = 0; i < n; i++) {\n            char_count[s[i] - 'a']++;\n        }\n\n        int odd_count = 0;\n        // Count how many characters have an odd frequency\n        for (int i = 0; i < 26; i++) {\n            if (char_count[i] % 2 != 0) {\n                odd_count++;\n            }\n        }\n\n        // Check if it's possible to form a palindrome\n        if (odd_count <= (k + 1) / 2) {\n            printf(\"YES\\n\");\n        } else {\n            printf(\"NO\\n\");\n        }\n    }\n\n    return 0;\n}", "raw_exit_code": 0, "raw_stdout": "{\"result\": \"fail:wrong-output\", \"expected\": \"YES\\nYES\\nNO\\nYES\\nYES\", \"got\": \"NO\\nNO\\nNO\\nNO\\nYES\", \"stderr\": \"Test case 0 produced wrong output\\n\"}\n", "raw_stderr": "", "result": "fail:wrong-output", "expected": "YES\nYES\nNO\nYES\nYES", "got": "NO\nNO\nNO\nNO\nYES", "stderr": "Test case 0 produced wrong output\n"}
{"question_id": "1873_B", "solution": "#include <stdio.h>\n#include <stdlib.h>\n#include <string.h>\n\nint main() {\n    int t;\n    scanf(\"%d\", &t);\n\n    while (t--) {\n        int n;\n        scanf(\"%d\", &n);\n\n        int *a = (int *)malloc(n * sizeof(int));\n        for (int i = 0; i < n; i++) {\n            scanf(\"%d\", &a[i]);\n        }\n\n        int max_index = 0;\n        for (int i = 1; i < n; i++) {\n            if (a[i] > a[max_index]) {\n                max_index = i;\n            }\n        }\n\n        a[max_index]++;\n        long long product = 1;\n        for (int i = 0; i < n; i++) {\n            product *= a[i];\n        }\n\n        printf(\"%lld\\n\", product);\n\n        free(a);\n    }\n\n    return 0;\n}", "raw_exit_code": 0, "raw_stdout": "{\"result\": \"fail:wrong-output\", \"expected\": \"12\", \"got\": \"7\", \"stderr\": \"Test case 0 produced wrong output\\n\"}\n", "raw_stderr": "", "result": "fail:wrong-output", "expected": "12", "got": "7", "stderr": "Test case 0 produced wrong output\n"}
{"question_id": "1883_C", "solution": "#include <stdio.h>\n#include <stdlib.h>\n#include <string.h>\n\nint main() {\n    int t;\n    scanf(\"%d\", &t);\n\n    while (t--) {\n        int n, k;\n        scanf(\"%d %d\", &n, &k);\n\n        int count[5] = {0};\n        for (int i = 0; i < n; i++) {\n            int a;\n            scanf(\"%d\", &a);\n\n            if (a % 2 == 0) count[2]++;\n            if (a % 3 == 0) count[3]++;\n            if (a % 5 == 0) count[5]++;\n        }\n\n        int operations = 0;\n        if (k == 2 && count[2] == 0) operations++;\n        if (k == 3 && count[3] == 0) operations++;\n        if (k == 5 && count[5] == 0) operations++;\n\n        printf(\"%d\\n\", operations);\n    }\n\n    return 0;\n}", "raw_exit_code": 0, "raw_stdout": "{\"result\": \"fail:wrong-output\", \"expected\": \"2\", \"got\": \"1\", \"stderr\": \"Test case 0 produced wrong output\\n\"}\n", "raw_stderr": "", "result": "fail:wrong-output", "expected": "2", "got": "1", "stderr": "Test case 0 produced wrong output\n"}
{"question_id": "1873_A", "solution": "#include <stdio.h>\n#include <stdlib.h>\n#include <string.h>\n\nint main() {\n    int t;\n    scanf(\"%d\", &t);\n\n    for (int test = 0; test < t; test++) {\n        char str[4];\n        scanf(\"%s\", str);\n\n        // Find the positions of 'a', 'b', and 'c'\n        int pos_a = -1, pos_b = -1, pos_c = -1;\n        for (int i = 0; i < 3; i++) {\n            if (str[i] == 'a') pos_a = i;\n            else if (str[i] == 'b') pos_b = i;\n            else if (str[i] == 'c') pos_c = i;\n        }\n\n        // Check if the string is already sorted or can be sorted with one swap\n        if ((pos_a == 0 && pos_b == 1 && pos_c == 2) ||\n            (pos_a == 0 && pos_b == 2 && pos_c == 1) ||\n            (pos_a == 1 && pos_b == 0 && pos_c == 2) ||\n            (pos_a == 1 && pos_b == 2 && pos_c == 0) ||\n            (pos_a == 2 && pos_b == 0 && pos_c == 1) ||\n            (pos_a == 2 && pos_b == 1 && pos_c == 0)) {\n            printf(\"YES\n\");\n        } else {\n            printf(\"NO\n\");\n        }\n    }\n\n    return 0;\n}", "raw_exit_code": 0, "raw_stdout": "{\"result\": \"fail:error\", \"exit_code\": 1, \"stdout\": \"\", \"stderr\": \"Compilation failed:\\n/tmp/agnostics_c_rqp_gc1g/program.c: In function 'main':\\n/tmp/agnostics_c_rqp_gc1g/program.c:28:20: warning: missing terminating \\\" character\\n   28 |             printf(\\\"YES\\n      |                    ^\\n/tmp/agnostics_c_rqp_gc1g/program.c:28:20: error: missing terminating \\\" character\\n   28 |             printf(\\\"YES\\n      |                    ^~~~\\n/tmp/agnostics_c_rqp_gc1g/program.c:29:1: warning: missing terminating \\\" character\\n   29 | \\\");\\n      | ^\\n/tmp/agnostics_c_rqp_gc1g/program.c:29:1: error: missing terminating \\\" character\\n   29 | \\\");\\n      | ^~~\\n/tmp/agnostics_c_rqp_gc1g/program.c:30:9: error: expected expression before '}' token\\n   30 |         } else {\\n      |         ^\\n/tmp/agnostics_c_rqp_gc1g/program.c:28:20: error: expected ';' before '}' token\\n   28 |             printf(\\\"YES\\n      |                    ^\\n      |                    ;\\n   29 | \\\");\\n   30 |         } else {\\n      |         ~           \\n/tmp/agnostics_c_rqp_gc1g/program.c:31:20: warning: missing terminating \\\" character\\n   31 |             printf(\\\"NO\\n      |                    ^\\n/tmp/agnostics_c_rqp_gc1g/program.c:31:20: error: missing terminating \\\" character\\n   31 |             printf(\\\"NO\\n      |                    ^~~\\n/tmp/agnostics_c_rqp_gc1g/program.c:32:1: warning: missing terminating \\\" character\\n   32 | \\\");\\n      | ^\\n/tmp/agnostics_c_rqp_gc1g/program.c:32:1: error: missing terminating \\\" character\\n   32 | \\\");\\n      | ^~~\\n/tmp/agnostics_c_rqp_gc1g/program.c:33:9: error: expected expression before '}' token\\n   33 |         }\\n      |         ^\\n/tmp/agnostics_c_rqp_gc1g/program.c:31:20: error: expected ';' before '}' token\\n   31 |             printf(\\\"NO\\n      |                    ^\\n      |                    ;\\n   32 | \\\");\\n   33 |         }\\n      |         ~           \\n\"}\n", "raw_stderr": "", "result": "fail:error", "exit_code": 1, "stdout": "", "stderr": "Compilation failed:\n/tmp/agnostics_c_rqp_gc1g/program.c: In function 'main':\n/tmp/agnostics_c_rqp_gc1g/program.c:28:20: warning: missing terminating \" character\n   28 |             printf(\"YES\n      |                    ^\n/tmp/agnostics_c_rqp_gc1g/program.c:28:20: error: missing terminating \" character\n   28 |             printf(\"YES\n      |                    ^~~~\n/tmp/agnostics_c_rqp_gc1g/program.c:29:1: warning: missing terminating \" character\n   29 | \");\n      | ^\n/tmp/agnostics_c_rqp_gc1g/program.c:29:1: error: missing terminating \" character\n   29 | \");\n      | ^~~\n/tmp/agnostics_c_rqp_gc1g/program.c:30:9: error: expected expression before '}' token\n   30 |         } else {\n      |         ^\n/tmp/agnostics_c_rqp_gc1g/program.c:28:20: error: expected ';' before '}' token\n   28 |             printf(\"YES\n      |                    ^\n      |                    ;\n   29 | \");\n   30 |         } else {\n      |         ~           \n/tmp/agnostics_c_rqp_gc1g/program.c:31:20: warning: missing terminating \" character\n   31 |             printf(\"NO\n      |                    ^\n/tmp/agnostics_c_rqp_gc1g/program.c:31:20: error: missing terminating \" character\n   31 |             printf(\"NO\n      |                    ^~~\n/tmp/agnostics_c_rqp_gc1g/program.c:32:1: warning: missing terminating \" character\n   32 | \");\n      | ^\n/tmp/agnostics_c_rqp_gc1g/program.c:32:1: error: missing terminating \" character\n   32 | \");\n      | ^~~\n/tmp/agnostics_c_rqp_gc1g/program.c:33:9: error: expected expression before '}' token\n   33 |         }\n      |         ^\n/tmp/agnostics_c_rqp_gc1g/program.c:31:20: error: expected ';' before '}' token\n   31 |             printf(\"NO\n      |                    ^\n      |                    ;\n   32 | \");\n   33 |         }\n      |         ~           \n"}
{"question_id": "1899_A", "solution": "#include <stdio.h>\n#include <stdlib.h>\n\nint main() {\n    int t;\n    scanf(\"%d\", &t);\n\n    while (t--) {\n        int n;\n        scanf(\"%d\", &n);\n\n        // If n is divisible by 3, Vanya wins immediately\n        if (n % 3 == 0) {\n            printf(\"First\\n\");\n        } else {\n            // If n is not divisible by 3, Vanya can always force a win\n            printf(\"First\\n\");\n        }\n    }\n\n    return 0;\n}", "raw_exit_code": 0, "raw_stdout": "{\"result\": \"fail:wrong-output\", \"expected\": \"Second\", \"got\": \"First\", \"stderr\": \"Test case 2 produced wrong output\\n\"}\n", "raw_stderr": "", "result": "fail:wrong-output", "expected": "Second", "got": "First", "stderr": "Test case 2 produced wrong output\n"}
{"question_id": "1899_D", "solution": "#include <stdio.h>\n#include <stdlib.h>\n#include <string.h>\n\nint main() {\n    int t;\n    scanf(\"%d\", &t);\n\n    while (t--) {\n        int n;\n        scanf(\"%d\", &n);\n\n        long long result = 0;\n        long long *count = (long long *)calloc(64, sizeof(long long));\n\n        for (int i = 0; i < n; i++) {\n            int a;\n            scanf(\"%d\", &a);\n\n            int note = 1 << a;\n            for (int j = 1; j < 64; j++) {\n                if ((note & j) == 0) {\n                    result += count[j];\n                }\n            }\n\n            count[note]++;\n        }\n\n        printf(\"%lld\n\", result);\n\n        free(count);\n    }\n\n    return 0;\n}", "raw_exit_code": 0, "raw_stdout": "{\"result\": \"fail:error\", \"exit_code\": 1, \"stdout\": \"\", \"stderr\": \"Compilation failed:\\n/tmp/agnostics_c_09uqlomc/program.c: In function 'main':\\n/tmp/agnostics_c_09uqlomc/program.c:30:16: warning: missing terminating \\\" character\\n   30 |         printf(\\\"%lld\\n      |                ^\\n/tmp/agnostics_c_09uqlomc/program.c:30:16: error: missing terminating \\\" character\\n   30 |         printf(\\\"%lld\\n      |                ^~~~~\\n/tmp/agnostics_c_09uqlomc/program.c:31:1: warning: missing terminating \\\" character\\n   31 | \\\", result);\\n      | ^\\n/tmp/agnostics_c_09uqlomc/program.c:31:1: error: missing terminating \\\" character\\n   31 | \\\", result);\\n      | ^~~~~~~~~~~\\n/tmp/agnostics_c_09uqlomc/program.c:33:20: error: expected ')' before ';' token\\n   33 |         free(count);\\n      |                    ^\\n      |                    )\\n/tmp/agnostics_c_09uqlomc/program.c:30:15: note: to match this '('\\n   30 |         printf(\\\"%lld\\n      |               ^\\n/tmp/agnostics_c_09uqlomc/program.c:33:9: error: invalid use of void expression\\n   33 |         free(count);\\n      |         ^~~~~~~~~~~\\n/tmp/agnostics_c_09uqlomc/program.c:33:21: error: expected ';' before '}' token\\n   33 |         free(count);\\n      |                     ^\\n      |                     ;\\n   34 |     }\\n      |     ~                \\n\"}\n", "raw_stderr": "", "result": "fail:error", "exit_code": 1, "stdout": "", "stderr": "Compilation failed:\n/tmp/agnostics_c_09uqlomc/program.c: In function 'main':\n/tmp/agnostics_c_09uqlomc/program.c:30:16: warning: missing terminating \" character\n   30 |         printf(\"%lld\n      |                ^\n/tmp/agnostics_c_09uqlomc/program.c:30:16: error: missing terminating \" character\n   30 |         printf(\"%lld\n      |                ^~~~~\n/tmp/agnostics_c_09uqlomc/program.c:31:1: warning: missing terminating \" character\n   31 | \", result);\n      | ^\n/tmp/agnostics_c_09uqlomc/program.c:31:1: error: missing terminating \" character\n   31 | \", result);\n      | ^~~~~~~~~~~\n/tmp/agnostics_c_09uqlomc/program.c:33:20: error: expected ')' before ';' token\n   33 |         free(count);\n      |                    ^\n      |                    )\n/tmp/agnostics_c_09uqlomc/program.c:30:15: note: to match this '('\n   30 |         printf(\"%lld\n      |               ^\n/tmp/agnostics_c_09uqlomc/program.c:33:9: error: invalid use of void expression\n   33 |         free(count);\n      |         ^~~~~~~~~~~\n/tmp/agnostics_c_09uqlomc/program.c:33:21: error: expected ';' before '}' token\n   33 |         free(count);\n      |                     ^\n      |                     ;\n   34 |     }\n      |     ~                \n"}
{"question_id": "1899_C", "solution": "#include <stdio.h>\n#include <stdlib.h>\n#include <string.h>\n\nint main() {\n    int t;\n    scanf(\"%d\", &t);\n\n    while (t--) {\n        int n;\n        scanf(\"%d\", &n);\n\n        int *a = (int *)malloc(n * sizeof(int));\n        for (int i = 0; i < n; i++) {\n            scanf(\"%d\", &a[i]);\n        }\n\n        int maxSum = INT_MIN;\n        int currentSum = 0;\n        bool lastWasOdd = false;\n\n        for (int i = 0; i < n; i++) {\n            bool isOdd = (a[i] % 2 != 0);\n\n            if (i == 0 || isOdd != lastWasOdd) {\n                currentSum += a[i];\n                lastWasOdd = isOdd;\n            } else {\n                currentSum = a[i];\n                lastWasOdd = isOdd;\n            }\n\n            if (currentSum > maxSum) {\n                maxSum = currentSum;\n            }\n        }\n\n        printf(\"%d\\n\", maxSum);\n\n        free(a);\n    }\n\n    return 0;\n}", "raw_exit_code": 0, "raw_stdout": "{\"result\": \"fail:error\", \"exit_code\": 1, \"stdout\": \"\", \"stderr\": \"Compilation failed:\\n/tmp/agnostics_c_gr3tflfh/program.c: In function 'main':\\n/tmp/agnostics_c_gr3tflfh/program.c:18:22: error: 'INT_MIN' undeclared (first use in this function)\\n   18 |         int maxSum = INT_MIN;\\n      |                      ^~~~~~~\\n/tmp/agnostics_c_gr3tflfh/program.c:4:1: note: 'INT_MIN' is defined in header '<limits.h>'; did you forget to '#include <limits.h>'?\\n    3 | #include <string.h>\\n  +++ |+#include <limits.h>\\n    4 | \\n/tmp/agnostics_c_gr3tflfh/program.c:18:22: note: each undeclared identifier is reported only once for each function it appears in\\n   18 |         int maxSum = INT_MIN;\\n      |                      ^~~~~~~\\n/tmp/agnostics_c_gr3tflfh/program.c:20:9: error: unknown type name 'bool'\\n   20 |         bool lastWasOdd = false;\\n      |         ^~~~\\n/tmp/agnostics_c_gr3tflfh/program.c:4:1: note: 'bool' is defined in header '<stdbool.h>'; did you forget to '#include <stdbool.h>'?\\n    3 | #include <string.h>\\n  +++ |+#include <stdbool.h>\\n    4 | \\n/tmp/agnostics_c_gr3tflfh/program.c:20:27: error: 'false' undeclared (first use in this function)\\n   20 |         bool lastWasOdd = false;\\n      |                           ^~~~~\\n/tmp/agnostics_c_gr3tflfh/program.c:20:27: note: 'false' is defined in header '<stdbool.h>'; did you forget to '#include <stdbool.h>'?\\n/tmp/agnostics_c_gr3tflfh/program.c:23:13: error: unknown type name 'bool'\\n   23 |             bool isOdd = (a[i] % 2 != 0);\\n      |             ^~~~\\n/tmp/agnostics_c_gr3tflfh/program.c:23:13: note: 'bool' is defined in header '<stdbool.h>'; did you forget to '#include <stdbool.h>'?\\n\"}\n", "raw_stderr": "", "result": "fail:error", "exit_code": 1, "stdout": "", "stderr": "Compilation failed:\n/tmp/agnostics_c_gr3tflfh/program.c: In function 'main':\n/tmp/agnostics_c_gr3tflfh/program.c:18:22: error: 'INT_MIN' undeclared (first use in this function)\n   18 |         int maxSum = INT_MIN;\n      |                      ^~~~~~~\n/tmp/agnostics_c_gr3tflfh/program.c:4:1: note: 'INT_MIN' is defined in header '<limits.h>'; did you forget to '#include <limits.h>'?\n    3 | #include <string.h>\n  +++ |+#include <limits.h>\n    4 | \n/tmp/agnostics_c_gr3tflfh/program.c:18:22: note: each undeclared identifier is reported only once for each function it appears in\n   18 |         int maxSum = INT_MIN;\n      |                      ^~~~~~~\n/tmp/agnostics_c_gr3tflfh/program.c:20:9: error: unknown type name 'bool'\n   20 |         bool lastWasOdd = false;\n      |         ^~~~\n/tmp/agnostics_c_gr3tflfh/program.c:4:1: note: 'bool' is defined in header '<stdbool.h>'; did you forget to '#include <stdbool.h>'?\n    3 | #include <string.h>\n  +++ |+#include <stdbool.h>\n    4 | \n/tmp/agnostics_c_gr3tflfh/program.c:20:27: error: 'false' undeclared (first use in this function)\n   20 |         bool lastWasOdd = false;\n      |                           ^~~~~\n/tmp/agnostics_c_gr3tflfh/program.c:20:27: note: 'false' is defined in header '<stdbool.h>'; did you forget to '#include <stdbool.h>'?\n/tmp/agnostics_c_gr3tflfh/program.c:23:13: error: unknown type name 'bool'\n   23 |             bool isOdd = (a[i] % 2 != 0);\n      |             ^~~~\n/tmp/agnostics_c_gr3tflfh/program.c:23:13: note: 'bool' is defined in header '<stdbool.h>'; did you forget to '#include <stdbool.h>'?\n"}
{"question_id": "1899_B", "solution": "#include <stdio.h>\n#include <stdlib.h>\n#include <string.h>\n\nint compare(const void *a, const void *b) {\n    return (*(int*)a - *(int*)b);\n}\n\nint main() {\n    int t;\n    scanf(\"%d\", &t);\n\n    while (t--) {\n        int n;\n        scanf(\"%d\", &n);\n\n        int *boxes = (int *)malloc(n * sizeof(int));\n        for (int i = 0; i < n; i++) {\n            scanf(\"%d\", &boxes[i]);\n        }\n\n        qsort(boxes, n, sizeof(int), compare);\n\n        long long total_weight = 0;\n        for (int i = 0; i < n; i++) {\n            total_weight += boxes[i];\n        }\n\n        long long max_diff = 0;\n        for (int i = 1; i < n; i++) {\n            long long current_diff = abs(total_weight - 2 * (long long)boxes[i] * i);\n            if (current_diff > max_diff) {\n                max_diff = current_diff;\n            }\n        }\n\n        printf(\"%lld\\n\", max_diff);\n\n        free(boxes);\n    }\n\n    return 0;\n}", "raw_exit_code": 0, "raw_stdout": "{\"result\": \"fail:wrong-output\", \"expected\": \"19061563\\n89350529\\n0\\n48310068\", \"got\": \"19061563\\n693238365\\n0\\n222520449\", \"stderr\": \"Test case 1 produced wrong output\\n\"}\n", "raw_stderr": "", "result": "fail:wrong-output", "expected": "19061563\n89350529\n0\n48310068", "got": "19061563\n693238365\n0\n222520449", "stderr": "Test case 1 produced wrong output\n"}
{"question_id": "abc301_a", "solution": "#include <stdio.h>\n#include <stdlib.h>\n#include <string.h>\n\nint main() {\n    int n;\n    scanf(\"%d\", &n);\n    char s[n + 1];\n    scanf(\"%s\", s);\n\n    int takahashi_wins = 0;\n    int aoki_wins = 0;\n    int takahashi_last_game = -1;\n    int aoki_last_game = -1;\n\n    for (int i = 0; i < n; i++) {\n        if (s[i] == 'T') {\n            takahashi_wins++;\n            takahashi_last_game = i;\n        } else if (s[i] == 'A') {\n            aoki_wins++;\n            aoki_last_game = i;\n        }\n    }\n\n    if (takahashi_wins > aoki_wins) {\n        printf(\"T\n\");\n    } else if (aoki_wins > takahashi_wins) {\n        printf(\"A\n\");\n    } else {\n        if (takahashi_last_game < aoki_last_game) {\n            printf(\"T\n\");\n        } else {\n            printf(\"A\n\");\n        }\n    }\n\n    return 0;\n}", "raw_exit_code": 0, "raw_stdout": "{\"result\": \"fail:error\", \"exit_code\": 1, \"stdout\": \"\", \"stderr\": \"Compilation failed:\\n/tmp/agnostics_c_a5w65ygl/program.c: In function 'main':\\n/tmp/agnostics_c_a5w65ygl/program.c:27:16: warning: missing terminating \\\" character\\n   27 |         printf(\\\"T\\n      |                ^\\n/tmp/agnostics_c_a5w65ygl/program.c:27:16: error: missing terminating \\\" character\\n   27 |         printf(\\\"T\\n      |                ^~\\n/tmp/agnostics_c_a5w65ygl/program.c:28:1: warning: missing terminating \\\" character\\n   28 | \\\");\\n      | ^\\n/tmp/agnostics_c_a5w65ygl/program.c:28:1: error: missing terminating \\\" character\\n   28 | \\\");\\n      | ^~~\\n/tmp/agnostics_c_a5w65ygl/program.c:29:5: error: expected expression before '}' token\\n   29 |     } else if (aoki_wins > takahashi_wins) {\\n      |     ^\\n/tmp/agnostics_c_a5w65ygl/program.c:27:16: error: expected ';' before '}' token\\n   27 |         printf(\\\"T\\n      |                ^\\n      |                ;\\n   28 | \\\");\\n   29 |     } else if (aoki_wins > takahashi_wins) {\\n      |     ~           \\n/tmp/agnostics_c_a5w65ygl/program.c:30:16: warning: missing terminating \\\" character\\n   30 |         printf(\\\"A\\n      |                ^\\n/tmp/agnostics_c_a5w65ygl/program.c:30:16: error: missing terminating \\\" character\\n   30 |         printf(\\\"A\\n      |                ^~\\n/tmp/agnostics_c_a5w65ygl/program.c:31:1: warning: missing terminating \\\" character\\n   31 | \\\");\\n      | ^\\n/tmp/agnostics_c_a5w65ygl/program.c:31:1: error: missing terminating \\\" character\\n   31 | \\\");\\n      | ^~~\\n/tmp/agnostics_c_a5w65ygl/program.c:32:5: error: expected expression before '}' token\\n   32 |     } else {\\n      |     ^\\n/tmp/agnostics_c_a5w65ygl/program.c:30:16: error: expected ';' before '}' token\\n   30 |         printf(\\\"A\\n      |                ^\\n      |                ;\\n   31 | \\\");\\n   32 |     } else {\\n      |     ~           \\n/tmp/agnostics_c_a5w65ygl/program.c:34:20: warning: missing terminating \\\" character\\n   34 |             printf(\\\"T\\n      |                    ^\\", "raw_stderr": "", "result": "fail"}
{"question_id": "abc301_c", "solution": "#include <stdio.h>\n#include <stdlib.h>\n#include <string.h>\n\nint main() {\n    char S[200001], T[200001];\n    scanf(\"%s\", S);\n    scanf(\"%s\", T);\n\n    int n = strlen(S);\n    int countS[26] = {0};\n    int countT[26] = {0};\n\n    // Count characters in S and T\n    for (int i = 0; i < n; i++) {\n        if (S[i] != '@') {\n            countS[S[i] - 'a']++;\n        }\n        if (T[i] != '@') {\n            countT[T[i] - 'a']++;\n        }\n    }\n\n    // Compare counts of non-'@' characters\n    for (int i = 0; i < 26; i++) {\n        if (countS[i] != countT[i]) {\n            printf(\"No\n\");\n            return 0;\n        }\n    }\n\n    printf(\"Yes\n\");\n\n    return 0;\n}", "raw_exit_code": 0, "raw_stdout": "{\"result\": \"fail:error\", \"exit_code\": 1, \"stdout\": \"\", \"stderr\": \"Compilation failed:\\n/tmp/agnostics_c_jbtjiwty/program.c: In function 'main':\\n/tmp/agnostics_c_jbtjiwty/program.c:27:20: warning: missing terminating \\\" character\\n   27 |             printf(\\\"No\\n      |                    ^\\n/tmp/agnostics_c_jbtjiwty/program.c:27:20: error: missing terminating \\\" character\\n   27 |             printf(\\\"No\\n      |                    ^~~\\n/tmp/agnostics_c_jbtjiwty/program.c:28:1: warning: missing terminating \\\" character\\n   28 | \\\");\\n      | ^\\n/tmp/agnostics_c_jbtjiwty/program.c:28:1: error: missing terminating \\\" character\\n   28 | \\\");\\n      | ^~~\\n/tmp/agnostics_c_jbtjiwty/program.c:29:13: error: expected expression before 'return'\\n   29 |             return 0;\\n      |             ^~~~~~\\n/tmp/agnostics_c_jbtjiwty/program.c:29:22: error: expected ';' before '}' token\\n   29 |             return 0;\\n      |                      ^\\n      |                      ;\\n   30 |         }\\n      |         ~             \\n/tmp/agnostics_c_jbtjiwty/program.c:33:12: warning: missing terminating \\\" character\\n   33 |     printf(\\\"Yes\\n      |            ^\\n/tmp/agnostics_c_jbtjiwty/program.c:33:12: error: missing terminating \\\" character\\n   33 |     printf(\\\"Yes\\n      |            ^~~~\\n/tmp/agnostics_c_jbtjiwty/program.c:34:1: warning: missing terminating \\\" character\\n   34 | \\\");\\n      | ^\\n/tmp/agnostics_c_jbtjiwty/program.c:34:1: error: missing terminating \\\" character\\n   34 | \\\");\\n      | ^~~\\n/tmp/agnostics_c_jbtjiwty/program.c:36:5: error: expected expression before 'return'\\n   36 |     return 0;\\n      |     ^~~~~~\\n/tmp/agnostics_c_jbtjiwty/program.c:36:14: error: expected ';' before '}' token\\n   36 |     return 0;\\n      |              ^\\n      |              ;\\n   37 | }\\n      | ~             \\n\"}\n", "raw_stderr": "", "result": "fail:error", "exit_code": 1, "stdout": "", "stderr": "Compilation failed:\n/tmp/agnostics_c_jbtjiwty/program.c: In function 'main':\n/tmp/agnostics_c_jbtjiwty/program.c:27:20: warning: missing terminating \" character\n   27 |             printf(\"No\n      |                    ^\n/tmp/agnostics_c_jbtjiwty/program.c:27:20: error: missing terminating \" character\n   27 |             printf(\"No\n      |                    ^~~\n/tmp/agnostics_c_jbtjiwty/program.c:28:1: warning: missing terminating \" character\n   28 | \");\n      | ^\n/tmp/agnostics_c_jbtjiwty/program.c:28:1: error: missing terminating \" character\n   28 | \");\n      | ^~~\n/tmp/agnostics_c_jbtjiwty/program.c:29:13: error: expected expression before 'return'\n   29 |             return 0;\n      |             ^~~~~~\n/tmp/agnostics_c_jbtjiwty/program.c:29:22: error: expected ';' before '}' token\n   29 |             return 0;\n      |                      ^\n      |                      ;\n   30 |         }\n      |         ~             \n/tmp/agnostics_c_jbtjiwty/program.c:33:12: warning: missing terminating \" character\n   33 |     printf(\"Yes\n      |            ^\n/tmp/agnostics_c_jbtjiwty/program.c:33:12: error: missing terminating \" character\n   33 |     printf(\"Yes\n      |            ^~~~\n/tmp/agnostics_c_jbtjiwty/program.c:34:1: warning: missing terminating \" character\n   34 | \");\n      | ^\n/tmp/agnostics_c_jbtjiwty/program.c:34:1: error: missing terminating \" character\n   34 | \");\n      | ^~~\n/tmp/agnostics_c_jbtjiwty/program.c:36:5: error: expected expression before 'return'\n   36 |     return 0;\n      |     ^~~~~~\n/tmp/agnostics_c_jbtjiwty/program.c:36:14: error: expected ';' before '}' token\n   36 |     return 0;\n      |              ^\n      |              ;\n   37 | }\n      | ~             \n"}
{"question_id": "abc301_b", "solution": "#include <stdio.h>\n#include <stdlib.h>\n#include <string.h>\n#include <stdbool.h>\n#include <math.h>\n#include <limits.h>\n#include <ctype.h>\n\nint main() {\n    int n;\n    scanf(\"%d\", &n);\n\n    int *arr = (int *)malloc(n * sizeof(int));\n    for (int i = 0; i < n; i++) {\n        scanf(\"%d\", &arr[i]);\n    }\n\n    while (true) {\n        bool changed = false;\n        for (int i = 0; i < n - 1; i++) {\n            int a = arr[i];\n            int b = arr[i + 1];\n            if (abs(a - b) != 1) {\n                changed = true;\n                int new_size = n + (b - a) + (a - b);\n                int *new_arr = (int *)realloc(arr, new_size * sizeof(int));\n                if (a < b) {\n                    for (int j = b - 1; j > a; j--) {\n                        new_arr[i + 1 + (j - a)] = j;\n                    }\n                } else {\n                    for (int j = a - 1; j < b; j++) {\n                        new_arr[i + 1 + (j - a)] = j;\n                    }\n                }\n                arr = new_arr;\n                n = new_size;\n            }\n        }\n        if (!changed) {\n            break;\n        }\n    }\n\n    for (int i = 0; i < n; i++) {\n        printf(\"%d \", arr[i]);\n    }\n    printf(\"\\n\");\n\n    free(arr);\n\n    return 0;\n}", "raw_exit_code": 0, "raw_stdout": "{\"result\": \"fail:error\", \"exit_code\": -11, \"stdout\": \"\", \"stderr\": \"Test case 2 failed with exit code -11:\\n\"}\n", "raw_stderr": "", "result": "fail:error", "exit_code": -11, "stdout": "", "stderr": "Test case 2 failed with exit code -11:\n"}
{"question_id": "abc302_a", "solution": "#include <stdio.h>\n#include <stdlib.h>\n#include <glib.h>\n\nint main() {\n    long long A, B;\n    scanf(\"%lld %lld\", &A, &B);\n\n    // Calculate the minimum number of attacks needed\n    long long attacks = (A + B - 1) / B;\n\n    // Print the result\n    printf(\"%lld\n\", attacks);\n\n    return 0;\n}", "raw_exit_code": 0, "raw_stdout": "{\"result\": \"fail:error\", \"exit_code\": 1, \"stdout\": \"\", \"stderr\": \"Compilation failed:\\n/tmp/agnostics_c_h39drke8/program.c:3:10: fatal error: glib.h: No such file or directory\\n    3 | #include <glib.h>\\n      |          ^~~~~~~~\\ncompilation terminated.\\n\"}\n", "raw_stderr": "", "result": "fail:error", "exit_code": 1, "stdout": "", "stderr": "Compilation failed:\n/tmp/agnostics_c_h39drke8/program.c:3:10: fatal error: glib.h: No such file or directory\n    3 | #include <glib.h>\n      |          ^~~~~~~~\ncompilation terminated.\n"}
{"question_id": "abc301_d", "solution": "#include <stdio.h>\n#include <stdlib.h>\n#include <string.h>\n#include <stdbool.h>\n#include <limits.h>\n#include <ctype.h>\n\n#include <glib.h>\n\nint main() {\n    // Read input\n    char S[61];\n    long long N;\n    scanf(\"%s %lld\", S, &N);\n\n    // Length of the string S\n    int len = strlen(S);\n\n    // Array to store all possible values\n    GArray *values = g_array_new(FALSE, FALSE, sizeof(long long));\n\n    // Function to generate all possible values\n    void generate_values(char *s, int index, long long current) {\n        if (index == len) {\n            if (current <= N) {\n                g_array_append_val(values, current);\n            }\n            return;\n        }\n        if (s[index] == '?') {\n            generate_values(s, index + 1, current * 2);\n            generate_values(s, index + 1, current * 2 + 1);\n        } else {\n            generate_values(s, index + 1, current * 2 + (s[index] - '0')));\n        }\n    }\n\n    // Generate all possible values from the string S\n    generate_values(S, 0, 0);\n\n    // Sort the array in descending order\n    qsort(values->data, values->len, sizeof(long long), (int (*)(const void *, const void *))strcmp);\n\n    // Find the greatest value less than or equal to N\n    long long result = -1;\n    for (int i = 0; i < values->len; i++) {\n        if (g_array_index(values, long long, i) <= N) {\n            result = g_array_index(values, long long, i);\n        } else {\n            break;\n        }\n    }\n\n    // Output the result\n    printf(\"%lld\\n\", result);\n\n    // Clean up\n    g_array_free(values, TRUE);\n\n    return 0;\n}", "raw_exit_code": 0, "raw_stdout": "{\"result\": \"fail:error\", \"exit_code\": 1, \"stdout\": \"\", \"stderr\": \"Compilation failed:\\n/tmp/agnostics_c_4hjezbn6/program.c:8:10: fatal error: glib.h: No such file or directory\\n    8 | #include <glib.h>\\n      |          ^~~~~~~~\\ncompilation terminated.\\n\"}\n", "raw_stderr": "", "result": "fail:error", "exit_code": 1, "stdout": "", "stderr": "Compilation failed:\n/tmp/agnostics_c_4hjezbn6/program.c:8:10: fatal error: glib.h: No such file or directory\n    8 | #include <glib.h>\n      |          ^~~~~~~~\ncompilation terminated.\n"}
{"question_id": "abc301_e", "solution": "#include <stdio.h>\n#include <stdlib.h>\n#include <string.h>\n\n#define MAX_H 300\n#define MAX_W 300\n\ntypedef struct {\n    int x, y;\n    int candy_count;\n} State;\n\nint main() {\n    int H, W, T;\n    scanf(\"%d %d %d\", &H, &W, &T);\n\n    char grid[MAX_H][MAX_W + 1];\n    for (int i = 0; i < H; i++) {\n        scanf(\"%s\", grid[i]);\n    }\n\n    int start_x, start_y;\n    for (int i = 0; i < H; i++) {\n        for (int j = 0; j < W; j++) {\n            if (grid[i][j] == 'S') {\n                start_x = i;\n                start_y = j;\n            }\n        }\n    }\n\n    State *queue = (State*)malloc(sizeof(State) * T * H * W);\n    int front = 0, rear = 0;\n\n    queue[rear++] = (State){start_x, start_y, 0};\n\n    bool visited[MAX_H][MAX_W][19];\n    memset(visited, false, sizeof(visited));\n\n    int max_candy = -1;\n\n    while (front < rear && T > 0) {\n        int size = rear - front;\n        for (int i = 0; i < size; i++) {\n            State current = queue[front++];\n\n            if (current.x == start_x && current.y == start_y) {\n                max_candy = current.candy_count;\n            }\n\n            int dx[] = {-1, 1, 0, 0};\n            int dy[] = {0, 0, -1, 1};\n\n            for (int k = 0; k < 4; k++) {\n                int nx = current.x + dx[k];\n                int ny = current.y + dy[k];\n                int nc = current.candy_count;\n\n                if (nx >= 0 && nx < H && ny >= 0 && ny < W && !visited[nx][ny][nc]) {\n                    if (grid[nx][ny] == 'o') {\n                        nc++;\n                    }\n\n                    if (grid[nx][ny] != '#') {\n                        visited[nx][ny][nc] = true;\n                        queue[rear++] = (State){nx, ny, nc};\n                    }\n                }\n            }\n        }\n\n        T--;\n    }\n\n    printf(\"%d\\n\", max_candy);\n\n    free(queue);\n\n    return 0;\n}", "raw_exit_code": 0, "raw_stdout": "{\"result\": \"fail:error\", \"exit_code\": 1, \"stdout\": \"\", \"stderr\": \"Compilation failed:\\n/tmp/agnostics_c_4rst01on/program.c: In function 'main':\\n/tmp/agnostics_c_4rst01on/program.c:37:5: error: unknown type name 'bool'\\n   37 |     bool visited[MAX_H][MAX_W][19];\\n      |     ^~~~\\n/tmp/agnostics_c_4rst01on/program.c:4:1: note: 'bool' is defined in header '<stdbool.h>'; did you forget to '#include <stdbool.h>'?\\n    3 | #include <string.h>\\n  +++ |+#include <stdbool.h>\\n    4 | \\n/tmp/agnostics_c_4rst01on/program.c:38:21: error: 'false' undeclared (first use in this function)\\n   38 |     memset(visited, false, sizeof(visited));\\n      |                     ^~~~~\\n/tmp/agnostics_c_4rst01on/program.c:38:21: note: 'false' is defined in header '<stdbool.h>'; did you forget to '#include <stdbool.h>'?\\n/tmp/agnostics_c_4rst01on/program.c:38:21: note: each undeclared identifier is reported only once for each function it appears in\\n/tmp/agnostics_c_4rst01on/program.c:65:47: error: 'true' undeclared (first use in this function)\\n   65 |                         visited[nx][ny][nc] = true;\\n      |                                               ^~~~\\n/tmp/agnostics_c_4rst01on/program.c:65:47: note: 'true' is defined in header '<stdbool.h>'; did you forget to '#include <stdbool.h>'?\\n\"}\n", "raw_stderr": "", "result": "fail:error", "exit_code": 1, "stdout": "", "stderr": "Compilation failed:\n/tmp/agnostics_c_4rst01on/program.c: In function 'main':\n/tmp/agnostics_c_4rst01on/program.c:37:5: error: unknown type name 'bool'\n   37 |     bool visited[MAX_H][MAX_W][19];\n      |     ^~~~\n/tmp/agnostics_c_4rst01on/program.c:4:1: note: 'bool' is defined in header '<stdbool.h>'; did you forget to '#include <stdbool.h>'?\n    3 | #include <string.h>\n  +++ |+#include <stdbool.h>\n    4 | \n/tmp/agnostics_c_4rst01on/program.c:38:21: error: 'false' undeclared (first use in this function)\n   38 |     memset(visited, false, sizeof(visited));\n      |                     ^~~~~\n/tmp/agnostics_c_4rst01on/program.c:38:21: note: 'false' is defined in header '<stdbool.h>'; did you forget to '#include <stdbool.h>'?\n/tmp/agnostics_c_4rst01on/program.c:38:21: note: each undeclared identifier is reported only once for each function it appears in\n/tmp/agnostics_c_4rst01on/program.c:65:47: error: 'true' undeclared (first use in this function)\n   65 |                         visited[nx][ny][nc] = true;\n      |                                               ^~~~\n/tmp/agnostics_c_4rst01on/program.c:65:47: note: 'true' is defined in header '<stdbool.h>'; did you forget to '#include <stdbool.h>'?\n"}
{"question_id": "abc301_f", "solution": "#include <stdio.h>\n#include <stdlib.h>\n#include <string.h>\n\n#define MOD 998244353\n\nint main() {\n    char s[300001];\n    scanf(\"%s\", s);\n\n    int n = strlen(s);\n    int dp[2][2][2][2];\n    memset(dp, 0, sizeof(dp));\n\n    dp[0][0][0][0] = 1;\n\n    for (int i = 0; i < n; i++) {\n        int c = s[i] - 'A';\n        if (s[i] == '?') {\n            for (int a = 0; a < 26; a++) {\n                for (int b = 0; b < 26; b++) {\n                    for (int d = 0; d < 26; d++) {\n                        dp[1][a][b][d] = (dp[1][a][b][d] + dp[0][a][b][d]) % MOD;\n                        dp[1][a][b][d] = (dp[1][a][b][d] + dp[1][a][b][d]) % MOD;\n                    }\n                }\n            }\n        } else {\n            int a = (s[i] - 'A') % 26;\n            for (int b = 0; b < 26; b++) {\n                for (int d = 0; d < 26; d++) {\n                    dp[1][a][b][d] = (dp[1][a][b][d] + dp[0][a][b][d]) % MOD;\n                }\n            }\n        }\n        for (int a = 0; a < 26; a++) {\n            for (int b = 0; b < 26; b++) {\n                for (int d = 0; d < 26; d++) {\n                    dp[0][a][b][d] = 0;\n                }\n            }\n        }\n    }\n\n    int result = 0;\n    for (int a = 0; a < 26; a++) {\n        for (int b = 0; b < 26; b++) {\n            for (int d = 0; d < 26; d++) {\n                result = (result + dp[1][a][b][d]) % MOD;\n            }\n        }\n    }\n\n    printf(\"%d\\n\", result);\n\n    return 0;\n}", "raw_exit_code": 0, "raw_stdout": "{\"result\": \"fail:wrong-output\", \"expected\": \"7294040\", \"got\": \"567101502\", \"stderr\": \"Test case 0 produced wrong output\\n\"}\n", "raw_stderr": "", "result": "fail:wrong-output", "expected": "7294040", "got": "567101502", "stderr": "Test case 0 produced wrong output\n"}
{"question_id": "abc302_c", "solution": "#include <stdio.h>\n#include <stdlib.h>\n#include <string.h>\n\n#define MAX_N 8\n#define MAX_M 5\n\n// Function to check if two strings can be transformed into each other by changing exactly one character\nbool can_transform(const char *s1, const char *s2, int m) {\n    int diff = 0;\n    for (int i = 0; i < m; i++) {\n        if (s1[i] != s2[i]) {\n            diff++;\n            if (diff > 1) {\n                return false;\n            }\n        }\n    }\n    return diff == 1;\n}\n\n// Function to check if the graph is connected\nbool is_connected(const char *strings[], int n) {\n    // This is a simplified version of the is_connected function\n    // It assumes that the graph is already built and connected\n    return true;\n}\n\nint main() {\n    int n, m;\n    scanf(\"%d %d\", &n, &m);\n\n    // Read input strings and store them in an array\n    char strings[MAX_N][MAX_M + 1];\n    for (int i = 0; i < n; i++) {\n        scanf(\"%s\", strings[i]);\n    }\n\n    // Check if the graph is connected\n    if (is_connected(strings, n)) {\n        printf(\"Yes\\n\");\n    } else {\n        printf(\"No\\n\");\n    }\n\n    return 0;\n}", "raw_exit_code": 0, "raw_stdout": "{\"result\": \"fail:error\", \"exit_code\": 1, \"stdout\": \"\", \"stderr\": \"Compilation failed:\\n/tmp/agnostics_c__xrlbz2b/program.c:9:1: error: unknown type name 'bool'\\n    9 | bool can_transform(const char *s1, const char *s2, int m) {\\n      | ^~~~\\n/tmp/agnostics_c__xrlbz2b/program.c:4:1: note: 'bool' is defined in header '<stdbool.h>'; did you forget to '#include <stdbool.h>'?\\n    3 | #include <string.h>\\n  +++ |+#include <stdbool.h>\\n    4 | \\n/tmp/agnostics_c__xrlbz2b/program.c: In function 'can_transform':\\n/tmp/agnostics_c__xrlbz2b/program.c:15:24: error: 'false' undeclared (first use in this function)\\n   15 |                 return false;\\n      |                        ^~~~~\\n/tmp/agnostics_c__xrlbz2b/program.c:15:24: note: 'false' is defined in header '<stdbool.h>'; did you forget to '#include <stdbool.h>'?\\n/tmp/agnostics_c__xrlbz2b/program.c:15:24: note: each undeclared identifier is reported only once for each function it appears in\\n/tmp/agnostics_c__xrlbz2b/program.c: At top level:\\n/tmp/agnostics_c__xrlbz2b/program.c:23:1: error: unknown type name 'bool'\\n   23 | bool is_connected(const char *strings[], int n) {\\n      | ^~~~\\n/tmp/agnostics_c__xrlbz2b/program.c:23:1: note: 'bool' is defined in header '<stdbool.h>'; did you forget to '#include <stdbool.h>'?\\n/tmp/agnostics_c__xrlbz2b/program.c: In function 'is_connected':\\n/tmp/agnostics_c__xrlbz2b/program.c:26:12: error: 'true' undeclared (first use in this function)\\n   26 |     return true;\\n      |            ^~~~\\n/tmp/agnostics_c__xrlbz2b/program.c:26:12: note: 'true' is defined in header '<stdbool.h>'; did you forget to '#include <stdbool.h>'?\\n/tmp/agnostics_c__xrlbz2b/program.c: In function 'main':\\n/tmp/agnostics_c__xrlbz2b/program.c:40:22: warning: passing argument 1 of 'is_connected' from incompatible pointer type [-Wincompatible-pointer-types]\\n   40 |     if (is_connected(strings, n)) {\\n      |                      ^~~~~~~\\n      |                      |\\n      |                      char (*)[6]\\n/tmp/agnostics_c__xrlbz2b/program.c:23:31", "raw_stderr": "", "result": "fail"}
{"question_id": "abc302_d", "solution": "#include <stdio.h>\n#include <stdlib.h>\n#include <string.h>\n#include <glib.h>\n\nint compare(const void *a, const void *b) {\n    return (*(int*)a - *(int*)b);\n}\n\nint main() {\n    int n, m, d;\n    scanf(\"%d %d %d\", &n, &m, &d);\n\n    GArray *a = g_array_new(FALSE, FALSE, sizeof(int));\n    GArray *b = g_array_new(FALSE, FALSE, sizeof(int));\n\n    for (int i = 0; i < n; i++) {\n        int value;\n        scanf(\"%d\", &value);\n        g_array_append_val(a, value);\n    }\n\n    for (int i = 0; i < m; i++) {\n        int value;\n        scanf(\"%d\", &value);\n        g_array_append_val(b, value);\n    }\n\n    g_array_sort(a, compare);\n    g_array_sort(b, compare);\n\n    int max_sum = -1;\n    int i = 0, j = m - 1;\n\n    while (i < n && j >= 0) {\n        if (a->data[i] + b->data[j] > max_sum && b->data[j] - a->data[i] <= d) {\n            max_sum = a->data[i] + b->data[j];\n        }\n\n        if (b->data[j] - a->data[i] > d) {\n            j--;\n        } else {\n            i++;\n        }\n    }\n\n    printf(\"%d\n\", max_sum);\n\n    g_array_free(a, TRUE);\n    g_array_free(b, TRUE);\n\n    return 0;\n}", "raw_exit_code": 0, "raw_stdout": "{\"result\": \"fail:error\", \"exit_code\": 1, \"stdout\": \"\", \"stderr\": \"Compilation failed:\\n/tmp/agnostics_c__0kc5ak1/program.c:4:10: fatal error: glib.h: No such file or directory\\n    4 | #include <glib.h>\\n      |          ^~~~~~~~\\ncompilation terminated.\\n\"}\n", "raw_stderr": "", "result": "fail:error", "exit_code": 1, "stdout": "", "stderr": "Compilation failed:\n/tmp/agnostics_c__0kc5ak1/program.c:4:10: fatal error: glib.h: No such file or directory\n    4 | #include <glib.h>\n      |          ^~~~~~~~\ncompilation terminated.\n"}
{"question_id": "abc302_b", "solution": "#include <stdio.h>\n#include <stdlib.h>\n#include <string.h>\n\n#define H 100\n#define W 100\n\nint main() {\n    int H, W;\n    scanf(\"%d %d\", &H, &W);\n\n    char grid[H][W + 1];\n    for (int i = 0; i < H; i++) {\n        scanf(\"%s\", grid[i]);\n    }\n\n    bool found = false;\n\n    for (int i = 0; i < H; i++) {\n        for (int j = 0; j < W; j++) {\n            if (grid[i][j] == 's') {\n                int dx[] = {0, 0, 1, -1, 1, -1, 1, -1};\n                int dy[] = {1, -1, 0, 0, 1, 1, -1, -1};\n\n                for (int k = 0; k < 8; k++) {\n                    int x = i, y = j;\n                    char letters[5] = {grid[x][y], 0};\n\n                    for (int l = 1; l < 5; l++) {\n                        x += dx[k];\n                        y += dy[k];\n\n                        if (x >= 0 && x < H && y >= 0 && y < W) {\n                            letters[l] = grid[x][y];\n                        } else {\n                            break;\n                        }\n                    }\n\n                    if (letters[0] == 's' && letters[1] == 'n' && letters[2] == 'u' && letters[3] == 'k' && letters[4] == 'e') {\n                        printf(\"%d %d\n\", i + 1, j + 1);\n                        printf(\"%d %d\n\", i + 1, j + 2);\n                        printf(\"%d %d\n\", i + 1, j + 3);\n                        printf(\"%d %d\n\", i + 1, j + 4);\n                        printf(\"%d %d\n\", i + 1, j + 5);\n                        found = true;\n                        break;\n                    }\n                }\n\n                if (found) {\n                    break;\n                }\n            }\n        }\n\n        if (found) {\n            break;\n        }\n    }\n\n    if (!found) {\n        printf(\"No solution found.\n\");\n    }\n\n    return 0;\n}", "raw_exit_code": 0, "raw_stdout": "{\"result\": \"fail:error\", \"exit_code\": 1, \"stdout\": \"\", \"stderr\": \"Compilation failed:\\n/tmp/agnostics_c_c3hghics/program.c: In function 'main':\\n/tmp/agnostics_c_c3hghics/program.c:5:11: error: expected identifier or '(' before numeric constant\\n    5 | #define H 100\\n      |           ^~~\\n/tmp/agnostics_c_c3hghics/program.c:9:9: note: in expansion of macro 'H'\\n    9 |     int H, W;\\n      |         ^\\n/tmp/agnostics_c_c3hghics/program.c:10:20: error: lvalue required as unary '&' operand\\n   10 |     scanf(\\\"%d %d\\\", &H, &W);\\n      |                    ^\\n/tmp/agnostics_c_c3hghics/program.c:10:24: error: lvalue required as unary '&' operand\\n   10 |     scanf(\\\"%d %d\\\", &H, &W);\\n      |                        ^\\n/tmp/agnostics_c_c3hghics/program.c:17:5: error: unknown type name 'bool'\\n   17 |     bool found = false;\\n      |     ^~~~\\n/tmp/agnostics_c_c3hghics/program.c:4:1: note: 'bool' is defined in header '<stdbool.h>'; did you forget to '#include <stdbool.h>'?\\n    3 | #include <string.h>\\n  +++ |+#include <stdbool.h>\\n    4 | \\n/tmp/agnostics_c_c3hghics/program.c:17:18: error: 'false' undeclared (first use in this function)\\n   17 |     bool found = false;\\n      |                  ^~~~~\\n/tmp/agnostics_c_c3hghics/program.c:17:18: note: 'false' is defined in header '<stdbool.h>'; did you forget to '#include <stdbool.h>'?\\n/tmp/agnostics_c_c3hghics/program.c:17:18: note: each undeclared identifier is reported only once for each function it appears in\\n/tmp/agnostics_c_c3hghics/program.c:41:32: warning: missing terminating \\\" character\\n   41 |                         printf(\\\"%d %d\\n      |                                ^\\n/tmp/agnostics_c_c3hghics/program.c:41:32: error: missing terminating \\\" character\\n   41 |                         printf(\\\"%d %d\\n      |                                ^~~~~~\\n/tmp/agnostics_c_c3hghics/program.c:42:1: warning: missing terminating \\\" character\\n   42 | \\\", i + 1, j + 1);\\n      | ^\\n/tmp/agnostics_c_c3hghics/program.c:42:1: error: missing terminating \\\" character\\n ", "raw_stderr": "", "result": "fail"}
{"question_id": "abc302_e", "solution": "#include <stdio.h>\n#include <stdlib.h>\n#include <string.h>\n#include <stdbool.h>\n#include <math.h>\n#include <limits.h>\n#include <ctype.h>\n\n#include <glib.h>\n\nint main() {\n    int n, q;\n    scanf(\"%d %d\", &n, &q);\n\n    GHashTable *adj_list = g_hash_table_new(g_direct_hash, g_direct_equal);\n    GHashTable *edge_count = g_hash_table_new(g_direct_hash, g_direct_equal);\n\n    for (int i = 0; i < n; i++) {\n        g_hash_table_insert(adj_list, GINT_TO_POINTER(i + 1), g_array_new(FALSE, FALSE, sizeof(int)));\n        g_hash_table_insert(edge_count, GINT_TO_POINTER(i + 1), GINT_TO_POINTER(0));\n    }\n\n    for (int i = 0; i < q; i++) {\n        int type, u, v;\n        scanf(\"%d\", &type);\n\n        if (type == 1) {\n            scanf(\"%d %d\", &u, &v);\n\n            GArray *u_adj = (GArray *)g_hash_table_lookup(adj_list, GINT_TO_POINTER(u));\n            GArray *v_adj = (GArray *)g_hash_table_lookup(adj_list, GINT_TO_POINTER(v));\n\n            g_array_append_val(u_adj, v);\n            g_array_append_val(v_adj, u);\n\n            int u_count = GPOINTER_TO_INT(g_hash_table_lookup(edge_count, GINT_TO_POINTER(u)));\n            int v_count = GPOINTER_TO_INT(g_hash_table_lookup(edge_count, GINT_TO_POINTER(v)));\n\n            g_hash_table_insert(edge_count, GINT_TO_POINTER(u), GINT_TO_POINTER(u_count + 1));\n            g_hash_table_insert(edge_count, GINT_TO_POINTER(v), GINT_TO_POINTER(v_count + 1));\n        } else if (type == 2) {\n            scanf(\"%d\", &u);\n\n            GArray *u_adj = (GArray *)g_hash_table_lookup(adj_list, GINT_TO_POINTER(u));\n\n            for (int j = 0; j < u_adj->len; j++) {\n                int v = g_array_index(u_adj, int, j);\n\n                GArray *v_adj = (GArray *)g_hash_table_lookup(adj_list, GINT_TO_POINTER(v));\n\n                g_array_remove_index(v_adj, g_array_find(v_adj, (GCompareFunc)g_int_equal, GINT_TO_POINTER(u)));\n\n                int v_count = GPOINTER_TO_INT(g_hash_table_lookup(edge_count, GINT_TO_POINTER(v)));\n\n                g_hash_table_insert(edge_count, GINT_TO_POINTER(v), GINT_TO_POINTER(v_count - 1));\n            }\n\n            g_array_free(u_adj, TRUE);\n            g_hash_table_insert(adj_list, GINT_TO_POINTER(u), g_array_new(FALSE, FALSE, sizeof(int)));\n\n            int u_count = GPOINTER_TO_INT(g_hash_table_lookup(edge_count, GINT_TO_POINTER(u)));\n\n            g_hash_table_insert(edge_count, GINT_TO_POINTER(u), GINT_TO_POINTER(u_count - u_adj->len));\n        }\n\n        int isolated_count = 0;\n\n        for (int j = 0; j < n; j++) {\n            int count = GPOINTER_TO_INT(g_hash_table_lookup(edge_count, GINT_TO_POINTER(j + 1)));\n\n            if (count == 0) {\n                isolated_count++;\n            }\n        }\n\n        printf(\"%d\\n\", isolated_count);\n    }\n\n    g_hash_table_destroy(adj_list);\n    g_hash_table_destroy(edge_count);\n\n    return 0;\n}", "raw_exit_code": 0, "raw_stdout": "{\"result\": \"fail:error\", \"exit_code\": 1, \"stdout\": \"\", \"stderr\": \"Compilation failed:\\n/tmp/agnostics_c_t0fa60w9/program.c:9:10: fatal error: glib.h: No such file or directory\\n    9 | #include <glib.h>\\n      |          ^~~~~~~~\\ncompilation terminated.\\n\"}\n", "raw_stderr": "", "result": "fail:error", "exit_code": 1, "stdout": "", "stderr": "Compilation failed:\n/tmp/agnostics_c_t0fa60w9/program.c:9:10: fatal error: glib.h: No such file or directory\n    9 | #include <glib.h>\n      |          ^~~~~~~~\ncompilation terminated.\n"}
